<?xml version="1.0" encoding="UTF-8"?>
<!-- Generated by org.testng.reporters.JUnitReportReporter -->
<testsuite skipped="0" hostname="DESKTOP-HR3H067" name="A4_Allure_Report_Demo.T11_basketball_female_NW5284_shorts_reversible_moisture_management_short" tests="6" failures="0" timestamp="02 Jul 2019 10:40:01 GMT" time="290.171" errors="0">
  <testcase name="select_gender_garment" time="30.573" classname="A4_Allure_Report_Demo.T11_basketball_female_NW5284_shorts_reversible_moisture_management_short"/>
  <testcase name="select_quantity" time="31.282" classname="A4_Allure_Report_Demo.T11_basketball_female_NW5284_shorts_reversible_moisture_management_short"/>
  <testcase name="select_sport" time="92.680" classname="A4_Allure_Report_Demo.T11_basketball_female_NW5284_shorts_reversible_moisture_management_short"/>
  <testcase name="cart" time="32.668" classname="A4_Allure_Report_Demo.T11_basketball_female_NW5284_shorts_reversible_moisture_management_short"/>
  <testcase name="login" time="2.457" classname="A4_Allure_Report_Demo.T11_basketball_female_NW5284_shorts_reversible_moisture_management_short"/>
  <testcase name="select_style_decoration" time="100.511" classname="A4_Allure_Report_Demo.T11_basketball_female_NW5284_shorts_reversible_moisture_management_short"/>
</testsuite> <!-- A4_Allure_Report_Demo.T11_basketball_female_NW5284_shorts_reversible_moisture_management_short -->
