<?xml version="1.0" encoding="UTF-8"?>
<!-- Generated by org.testng.reporters.JUnitReportReporter -->
<testsuite skipped="0" hostname="DESKTOP-HR3H067" name="A4_DESIGN_LOCKER.baseball_woman_pants_NW6188" tests="4" failures="0" timestamp="19 Apr 2019 13:53:43 GMT" time="119.032" errors="0">
  <testcase name="profile" time="75.726" classname="A4_DESIGN_LOCKER.baseball_woman_pants_NW6188"/>
  <testcase name="add_to_cart" time="37.929" classname="A4_DESIGN_LOCKER.baseball_woman_pants_NW6188"/>
  <testcase name="order_acknowledgement" time="4.936" classname="A4_DESIGN_LOCKER.baseball_woman_pants_NW6188"/>
  <testcase name="login" time="0.441" classname="A4_DESIGN_LOCKER.baseball_woman_pants_NW6188"/>
</testsuite> <!-- A4_DESIGN_LOCKER.baseball_woman_pants_NW6188 -->
