<?xml version="1.0" encoding="UTF-8"?>
<!-- Generated by org.testng.reporters.JUnitReportReporter -->
<testsuite skipped="0" hostname="DESKTOP-HR3H067" name="A4_Allure_Report_Demo.volleyball_female_NW3295" tests="7" failures="0" timestamp="25 Apr 2019 10:52:54 GMT" time="86.290" errors="0">
  <testcase name="orderacknowledgement" time="3.610" classname="A4_Allure_Report_Demo.volleyball_female_NW3295"/>
  <testcase name="select_quantity" time="10.273" classname="A4_Allure_Report_Demo.volleyball_female_NW3295"/>
  <testcase name="select_sport" time="7.626" classname="A4_Allure_Report_Demo.volleyball_female_NW3295"/>
  <testcase name="cart" time="5.364" classname="A4_Allure_Report_Demo.volleyball_female_NW3295"/>
  <testcase name="select_style_decoration" time="52.347" classname="A4_Allure_Report_Demo.volleyball_female_NW3295"/>
  <testcase name="login" time="2.499" classname="A4_Allure_Report_Demo.volleyball_female_NW3295"/>
  <testcase name="select_gender_garment" time="4.571" classname="A4_Allure_Report_Demo.volleyball_female_NW3295"/>
</testsuite> <!-- A4_Allure_Report_Demo.volleyball_female_NW3295 -->
