<?xml version="1.0" encoding="UTF-8"?>
<!-- Generated by org.testng.reporters.JUnitReportReporter -->
<testsuite skipped="0" hostname="DESKTOP-HR3H067" name="A4_DESIGN_LOCKER.basketball_youth_jersey_NB2320" tests="4" failures="0" timestamp="19 Apr 2019 13:53:43 GMT" time="117.364" errors="0">
  <testcase name="add_to_cart" time="34.357" classname="A4_DESIGN_LOCKER.basketball_youth_jersey_NB2320"/>
  <testcase name="login" time="0.442" classname="A4_DESIGN_LOCKER.basketball_youth_jersey_NB2320"/>
  <testcase name="profile" time="77.248" classname="A4_DESIGN_LOCKER.basketball_youth_jersey_NB2320"/>
  <testcase name="order_acknowledgement" time="5.317" classname="A4_DESIGN_LOCKER.basketball_youth_jersey_NB2320"/>
</testsuite> <!-- A4_DESIGN_LOCKER.basketball_youth_jersey_NB2320 -->
