<?xml version="1.0" encoding="UTF-8"?>
<!-- Generated by org.testng.reporters.JUnitReportReporter -->
<testsuite skipped="0" hostname="DESKTOP-HR3H067" name="A4_Allure_Report_Demo.volleyball_male_N4268" tests="7" failures="0" timestamp="25 Apr 2019 10:52:54 GMT" time="69.632" errors="0">
  <testcase name="cart" time="4.587" classname="A4_Allure_Report_Demo.volleyball_male_N4268"/>
  <testcase name="orderacknowledgement" time="1.573" classname="A4_Allure_Report_Demo.volleyball_male_N4268"/>
  <testcase name="login" time="2.495" classname="A4_Allure_Report_Demo.volleyball_male_N4268"/>
  <testcase name="select_sport" time="7.560" classname="A4_Allure_Report_Demo.volleyball_male_N4268"/>
  <testcase name="select_style_decoration" time="44.991" classname="A4_Allure_Report_Demo.volleyball_male_N4268"/>
  <testcase name="select_gender_garment" time="0.933" classname="A4_Allure_Report_Demo.volleyball_male_N4268"/>
  <testcase name="select_quantity" time="7.493" classname="A4_Allure_Report_Demo.volleyball_male_N4268"/>
</testsuite> <!-- A4_Allure_Report_Demo.volleyball_male_N4268 -->
