<?xml version="1.0" encoding="UTF-8"?>
<!-- Generated by org.testng.reporters.JUnitReportReporter -->
<testsuite skipped="0" hostname="DESKTOP-HR3H067" name="A4_DESIGN_LOCKER.baseball_mens_jersey_N4184" tests="4" failures="0" timestamp="19 Apr 2019 13:53:43 GMT" time="57.900" errors="0">
  <testcase name="profile" time="30.805" classname="A4_DESIGN_LOCKER.baseball_mens_jersey_N4184"/>
  <testcase name="add_to_cart" time="25.121" classname="A4_DESIGN_LOCKER.baseball_mens_jersey_N4184"/>
  <testcase name="order_acknowledgement" time="1.511" classname="A4_DESIGN_LOCKER.baseball_mens_jersey_N4184"/>
  <testcase name="login" time="0.463" classname="A4_DESIGN_LOCKER.baseball_mens_jersey_N4184"/>
</testsuite> <!-- A4_DESIGN_LOCKER.baseball_mens_jersey_N4184 -->
