<?xml version="1.0" encoding="UTF-8"?>
<!-- Generated by org.testng.reporters.JUnitReportReporter -->
<testsuite skipped="4" hostname="DESKTOP-HR3H067" name="A4_Allure_Report_Demo.T51_mens_shorts_N5338" tests="4" failures="0" timestamp="21 Jun 2019 10:29:19 GMT" time="0.000" errors="0">
  <testcase name="order_acknowledgement" time="0.000" classname="A4_Allure_Report_Demo.T51_mens_shorts_N5338">
    <skipped/>
  </testcase> <!-- order_acknowledgement -->
  <testcase name="profile" time="0.000" classname="A4_Allure_Report_Demo.T51_mens_shorts_N5338">
    <skipped/>
  </testcase> <!-- profile -->
  <testcase name="add_to_cart" time="0.000" classname="A4_Allure_Report_Demo.T51_mens_shorts_N5338">
    <skipped/>
  </testcase> <!-- add_to_cart -->
  <testcase name="login" time="0.000" classname="A4_Allure_Report_Demo.T51_mens_shorts_N5338">
    <skipped/>
  </testcase> <!-- login -->
</testsuite> <!-- A4_Allure_Report_Demo.T51_mens_shorts_N5338 -->
