<?xml version="1.0" encoding="UTF-8"?>
<!-- Generated by org.testng.reporters.JUnitReportReporter -->
<testsuite skipped="0" hostname="DESKTOP-HR3H067" name="A4_Allure_Report_Demo.basketball_youth_NB3142" tests="7" failures="0" timestamp="25 Apr 2019 10:52:54 GMT" time="66.024" errors="0">
  <testcase name="select_gender_garment" time="0.918" classname="A4_Allure_Report_Demo.basketball_youth_NB3142"/>
  <testcase name="cart" time="4.545" classname="A4_Allure_Report_Demo.basketball_youth_NB3142"/>
  <testcase name="login" time="2.484" classname="A4_Allure_Report_Demo.basketball_youth_NB3142"/>
  <testcase name="orderacknowledgement" time="1.695" classname="A4_Allure_Report_Demo.basketball_youth_NB3142"/>
  <testcase name="select_sport" time="7.016" classname="A4_Allure_Report_Demo.basketball_youth_NB3142"/>
  <testcase name="select_style_decoration" time="42.830" classname="A4_Allure_Report_Demo.basketball_youth_NB3142"/>
  <testcase name="select_quantity" time="6.536" classname="A4_Allure_Report_Demo.basketball_youth_NB3142"/>
</testsuite> <!-- A4_Allure_Report_Demo.basketball_youth_NB3142 -->
