<?xml version="1.0" encoding="UTF-8"?>
<!-- Generated by org.testng.reporters.JUnitReportReporter -->
<testsuite skipped="0" hostname="DESKTOP-HR3H067" name="A4_Allure_Report_Demo.T28_outerwear_youth_NB4234_pullovers_block_tech_fleece_hoodie" tests="6" failures="0" timestamp="03 Jul 2019 13:01:33 GMT" time="48.904" errors="0">
  <testcase name="select_gender_garment" time="1.494" classname="A4_Allure_Report_Demo.T28_outerwear_youth_NB4234_pullovers_block_tech_fleece_hoodie"/>
  <testcase name="select_style_decoration" time="30.660" classname="A4_Allure_Report_Demo.T28_outerwear_youth_NB4234_pullovers_block_tech_fleece_hoodie"/>
  <testcase name="select_sport" time="5.897" classname="A4_Allure_Report_Demo.T28_outerwear_youth_NB4234_pullovers_block_tech_fleece_hoodie"/>
  <testcase name="cart" time="3.886" classname="A4_Allure_Report_Demo.T28_outerwear_youth_NB4234_pullovers_block_tech_fleece_hoodie"/>
  <testcase name="login" time="2.447" classname="A4_Allure_Report_Demo.T28_outerwear_youth_NB4234_pullovers_block_tech_fleece_hoodie"/>
  <testcase name="select_quantity" time="4.520" classname="A4_Allure_Report_Demo.T28_outerwear_youth_NB4234_pullovers_block_tech_fleece_hoodie"/>
</testsuite> <!-- A4_Allure_Report_Demo.T28_outerwear_youth_NB4234_pullovers_block_tech_fleece_hoodie -->
