<?xml version="1.0" encoding="UTF-8"?>
<!-- Generated by org.testng.reporters.JUnitReportReporter -->
<testsuite skipped="0" hostname="DESKTOP-HR3H067" name="Rosters.roster_edit_delete_share" tests="4" failures="0" timestamp="30 May 2019 10:48:05 GMT" time="11.269" errors="0">
  <testcase name="Login" time="0.734" classname="Rosters.roster_edit_delete_share"/>
  <testcase name="Share_Roster" time="4.452" classname="Rosters.roster_edit_delete_share"/>
  <testcase name="Edit_Roster" time="4.748" classname="Rosters.roster_edit_delete_share"/>
  <testcase name="Rosters" time="1.335" classname="Rosters.roster_edit_delete_share"/>
</testsuite> <!-- Rosters.roster_edit_delete_share -->
