<?xml version="1.0" encoding="UTF-8"?>
<!-- Generated by org.testng.reporters.JUnitReportReporter -->
<testsuite skipped="0" hostname="DESKTOP-HR3H067" name="A4_TASKS.A4_AUTOMATION_WORK.demoTest" tests="1" failures="0" timestamp="18 Apr 2019 04:53:28 GMT" time="0.015" errors="0">
  <testcase name="demo" time="0.015" classname="A4_TASKS.A4_AUTOMATION_WORK.demoTest"/>
</testsuite> <!-- A4_TASKS.A4_AUTOMATION_WORK.demoTest -->
