<?xml version="1.0" encoding="UTF-8"?>
<!-- Generated by org.testng.reporters.JUnitReportReporter -->
<testsuite skipped="0" hostname="DESKTOP-HR3H067" name="A4_Allure_Report_Demo.T16_football_men_N3165_shirts_cooling_performance_long_sleeve_crew" tests="6" failures="0" timestamp="02 Jul 2019 12:34:20 GMT" time="161.226" errors="0">
  <testcase name="select_style_decoration" time="74.525" classname="A4_Allure_Report_Demo.T16_football_men_N3165_shirts_cooling_performance_long_sleeve_crew"/>
  <testcase name="select_sport" time="38.400" classname="A4_Allure_Report_Demo.T16_football_men_N3165_shirts_cooling_performance_long_sleeve_crew"/>
  <testcase name="cart" time="4.129" classname="A4_Allure_Report_Demo.T16_football_men_N3165_shirts_cooling_performance_long_sleeve_crew"/>
  <testcase name="select_gender_garment" time="5.678" classname="A4_Allure_Report_Demo.T16_football_men_N3165_shirts_cooling_performance_long_sleeve_crew"/>
  <testcase name="login" time="2.588" classname="A4_Allure_Report_Demo.T16_football_men_N3165_shirts_cooling_performance_long_sleeve_crew"/>
  <testcase name="select_quantity" time="35.906" classname="A4_Allure_Report_Demo.T16_football_men_N3165_shirts_cooling_performance_long_sleeve_crew"/>
</testsuite> <!-- A4_Allure_Report_Demo.T16_football_men_N3165_shirts_cooling_performance_long_sleeve_crew -->
