<?xml version="1.0" encoding="UTF-8"?>
<!-- Generated by org.testng.reporters.JUnitReportReporter -->
<testsuite skipped="0" hostname="DESKTOP-HR3H067" name="A4_Design_Process.football_female_NB3142" tests="7" failures="0" timestamp="23 Apr 2019 09:16:14 GMT" time="69.162" errors="0">
  <testcase name="login" time="2.520" classname="A4_Design_Process.football_female_NB3142"/>
  <testcase name="select_sport" time="6.649" classname="A4_Design_Process.football_female_NB3142"/>
  <testcase name="select_gender_garment" time="1.075" classname="A4_Design_Process.football_female_NB3142"/>
  <testcase name="select_style_decoration" time="41.754" classname="A4_Design_Process.football_female_NB3142"/>
  <testcase name="select_quantity" time="10.596" classname="A4_Design_Process.football_female_NB3142"/>
  <testcase name="cart" time="5.389" classname="A4_Design_Process.football_female_NB3142"/>
  <testcase name="orderacknowledgement" time="1.179" classname="A4_Design_Process.football_female_NB3142"/>
</testsuite> <!-- A4_Design_Process.football_female_NB3142 -->
