<?xml version="1.0" encoding="UTF-8"?>
<!-- Generated by org.testng.reporters.JUnitReportReporter -->
<testsuite skipped="0" hostname="DESKTOP-HR3H067" name="A4_Allure_Report_Demo.T13_basketball_male_NF1270_reversible_mesh_tank" tests="6" failures="0" timestamp="02 Jul 2019 11:59:59 GMT" time="327.871" errors="0">
  <testcase name="select_gender_garment" time="18.227" classname="A4_Allure_Report_Demo.T13_basketball_male_NF1270_reversible_mesh_tank"/>
  <testcase name="select_quantity" time="13.536" classname="A4_Allure_Report_Demo.T13_basketball_male_NF1270_reversible_mesh_tank"/>
  <testcase name="select_sport" time="13.571" classname="A4_Allure_Report_Demo.T13_basketball_male_NF1270_reversible_mesh_tank"/>
  <testcase name="cart" time="9.778" classname="A4_Allure_Report_Demo.T13_basketball_male_NF1270_reversible_mesh_tank"/>
  <testcase name="login" time="2.589" classname="A4_Allure_Report_Demo.T13_basketball_male_NF1270_reversible_mesh_tank"/>
  <testcase name="select_style_decoration" time="270.170" classname="A4_Allure_Report_Demo.T13_basketball_male_NF1270_reversible_mesh_tank"/>
</testsuite> <!-- A4_Allure_Report_Demo.T13_basketball_male_NF1270_reversible_mesh_tank -->
