<?xml version="1.0" encoding="UTF-8"?>
<!-- Generated by org.testng.reporters.JUnitReportReporter -->
<testsuite skipped="0" hostname="DESKTOP-HR3H067" name="A4_Allure_Report_Demo.basketball_male_NF1270" tests="7" failures="0" timestamp="25 Apr 2019 10:52:54 GMT" time="81.666" errors="0">
  <testcase name="cart" time="5.505" classname="A4_Allure_Report_Demo.basketball_male_NF1270"/>
  <testcase name="login" time="2.583" classname="A4_Allure_Report_Demo.basketball_male_NF1270"/>
  <testcase name="orderacknowledgement" time="1.779" classname="A4_Allure_Report_Demo.basketball_male_NF1270"/>
  <testcase name="select_gender_garment" time="1.425" classname="A4_Allure_Report_Demo.basketball_male_NF1270"/>
  <testcase name="select_quantity" time="11.848" classname="A4_Allure_Report_Demo.basketball_male_NF1270"/>
  <testcase name="select_style_decoration" time="51.628" classname="A4_Allure_Report_Demo.basketball_male_NF1270"/>
  <testcase name="select_sport" time="6.898" classname="A4_Allure_Report_Demo.basketball_male_NF1270"/>
</testsuite> <!-- A4_Allure_Report_Demo.basketball_male_NF1270 -->
