<?xml version="1.0" encoding="UTF-8"?>
<!-- Generated by org.testng.reporters.JUnitReportReporter -->
<testsuite skipped="0" hostname="DESKTOP-HR3H067" name="A4_Allure_Report_Demo.volleyball_female_NW2360" tests="7" failures="0" timestamp="26 Apr 2019 10:41:52 GMT" time="64.677" errors="0">
  <testcase name="select_style_decoration" time="27.710" classname="A4_Allure_Report_Demo.volleyball_female_NW2360"/>
  <testcase name="select_quantity" time="12.317" classname="A4_Allure_Report_Demo.volleyball_female_NW2360"/>
  <testcase name="orderacknowledgement" time="1.268" classname="A4_Allure_Report_Demo.volleyball_female_NW2360"/>
  <testcase name="login" time="2.451" classname="A4_Allure_Report_Demo.volleyball_female_NW2360"/>
  <testcase name="cart" time="4.166" classname="A4_Allure_Report_Demo.volleyball_female_NW2360"/>
  <testcase name="select_sport" time="14.987" classname="A4_Allure_Report_Demo.volleyball_female_NW2360"/>
  <testcase name="select_gender_garment" time="1.778" classname="A4_Allure_Report_Demo.volleyball_female_NW2360"/>
</testsuite> <!-- A4_Allure_Report_Demo.volleyball_female_NW2360 -->
