<?xml version="1.0" encoding="UTF-8"?>
<!-- Generated by org.testng.reporters.JUnitReportReporter -->
<testsuite skipped="0" hostname="DESKTOP-HR3H067" name="A4_DESIGN_LOCKER.baseball_mens_jersey_N4184_2" tests="4" failures="0" timestamp="30 Apr 2019 11:59:48 GMT" time="103.995" errors="0">
  <testcase name="order_acknowledgement" time="1.434" classname="A4_DESIGN_LOCKER.baseball_mens_jersey_N4184_2"/>
  <testcase name="login" time="0.707" classname="A4_DESIGN_LOCKER.baseball_mens_jersey_N4184_2"/>
  <testcase name="profile" time="61.272" classname="A4_DESIGN_LOCKER.baseball_mens_jersey_N4184_2"/>
  <testcase name="add_to_cart" time="40.582" classname="A4_DESIGN_LOCKER.baseball_mens_jersey_N4184_2"/>
</testsuite> <!-- A4_DESIGN_LOCKER.baseball_mens_jersey_N4184_2 -->
