<?xml version="1.0" encoding="UTF-8"?>
<!-- Generated by org.testng.reporters.JUnitReportReporter -->
<testsuite skipped="0" hostname="DESKTOP-HR3H067" name="A4_Allure_Report_Demo.baseball_male_N4241" tests="7" failures="0" timestamp="25 Apr 2019 10:52:54 GMT" time="68.463" errors="0">
  <testcase name="cart" time="4.680" classname="A4_Allure_Report_Demo.baseball_male_N4241"/>
  <testcase name="select_sport" time="7.805" classname="A4_Allure_Report_Demo.baseball_male_N4241"/>
  <testcase name="select_style_decoration" time="40.820" classname="A4_Allure_Report_Demo.baseball_male_N4241"/>
  <testcase name="select_quantity" time="8.387" classname="A4_Allure_Report_Demo.baseball_male_N4241"/>
  <testcase name="orderacknowledgement" time="2.035" classname="A4_Allure_Report_Demo.baseball_male_N4241"/>
  <testcase name="login" time="2.511" classname="A4_Allure_Report_Demo.baseball_male_N4241"/>
  <testcase name="select_gender_garment" time="2.225" classname="A4_Allure_Report_Demo.baseball_male_N4241"/>
</testsuite> <!-- A4_Allure_Report_Demo.baseball_male_N4241 -->
