<?xml version="1.0" encoding="UTF-8"?>
<!-- Generated by org.testng.reporters.JUnitReportReporter -->
<testsuite skipped="2" hostname="DESKTOP-HR3H067" name="A4_Allure_Report_Demo.Share_AnyDesign_from_Rosters" tests="2" failures="0" timestamp="02 Jul 2019 09:34:05 GMT" time="0.000" errors="0">
  <testcase name="Share_from_Rosters" time="0.000" classname="A4_Allure_Report_Demo.Share_AnyDesign_from_Rosters">
    <skipped/>
  </testcase> <!-- Share_from_Rosters -->
  <testcase name="login" time="0.000" classname="A4_Allure_Report_Demo.Share_AnyDesign_from_Rosters">
    <skipped/>
  </testcase> <!-- login -->
</testsuite> <!-- A4_Allure_Report_Demo.Share_AnyDesign_from_Rosters -->
