<?xml version="1.0" encoding="UTF-8"?>
<!-- Generated by org.testng.reporters.JUnitReportReporter -->
<testsuite skipped="0" hostname="DESKTOP-HR3H067" name="A4_Allure_Report_Demo.lacrose_male_N5293" tests="7" failures="0" timestamp="25 Apr 2019 10:52:54 GMT" time="60.887" errors="0">
  <testcase name="orderacknowledgement" time="1.598" classname="A4_Allure_Report_Demo.lacrose_male_N5293"/>
  <testcase name="login" time="2.513" classname="A4_Allure_Report_Demo.lacrose_male_N5293"/>
  <testcase name="select_quantity" time="8.160" classname="A4_Allure_Report_Demo.lacrose_male_N5293"/>
  <testcase name="select_sport" time="6.673" classname="A4_Allure_Report_Demo.lacrose_male_N5293"/>
  <testcase name="select_gender_garment" time="1.194" classname="A4_Allure_Report_Demo.lacrose_male_N5293"/>
  <testcase name="cart" time="5.030" classname="A4_Allure_Report_Demo.lacrose_male_N5293"/>
  <testcase name="select_style_decoration" time="35.719" classname="A4_Allure_Report_Demo.lacrose_male_N5293"/>
</testsuite> <!-- A4_Allure_Report_Demo.lacrose_male_N5293 -->
