<?xml version="1.0" encoding="UTF-8"?>
<!-- Generated by org.testng.reporters.JUnitReportReporter -->
<testsuite skipped="0" hostname="DESKTOP-HR3H067" name="A4_Allure_Report_Demo.baseball_female_NW3201" tests="7" failures="0" timestamp="25 Apr 2019 11:56:49 GMT" time="68.415" errors="0">
  <testcase name="select_style_decoration" time="46.611" classname="A4_Allure_Report_Demo.baseball_female_NW3201"/>
  <testcase name="orderacknowledgement" time="1.169" classname="A4_Allure_Report_Demo.baseball_female_NW3201"/>
  <testcase name="select_quantity" time="4.998" classname="A4_Allure_Report_Demo.baseball_female_NW3201"/>
  <testcase name="select_sport" time="6.769" classname="A4_Allure_Report_Demo.baseball_female_NW3201"/>
  <testcase name="cart" time="5.254" classname="A4_Allure_Report_Demo.baseball_female_NW3201"/>
  <testcase name="login" time="2.398" classname="A4_Allure_Report_Demo.baseball_female_NW3201"/>
  <testcase name="select_gender_garment" time="1.216" classname="A4_Allure_Report_Demo.baseball_female_NW3201"/>
</testsuite> <!-- A4_Allure_Report_Demo.baseball_female_NW3201 -->
