<?xml version="1.0" encoding="UTF-8"?>
<!-- Generated by org.testng.reporters.JUnitReportReporter -->
<testsuite skipped="0" hostname="DESKTOP-HR3H067" name="A4_DESIGN_LOCKER.mens_basics_shirt_N3165" tests="4" failures="0" timestamp="19 Apr 2019 13:53:43 GMT" time="71.196" errors="0">
  <testcase name="order_acknowledgement" time="1.550" classname="A4_DESIGN_LOCKER.mens_basics_shirt_N3165"/>
  <testcase name="login" time="0.499" classname="A4_DESIGN_LOCKER.mens_basics_shirt_N3165"/>
  <testcase name="add_to_cart" time="29.399" classname="A4_DESIGN_LOCKER.mens_basics_shirt_N3165"/>
  <testcase name="profile" time="39.748" classname="A4_DESIGN_LOCKER.mens_basics_shirt_N3165"/>
</testsuite> <!-- A4_DESIGN_LOCKER.mens_basics_shirt_N3165 -->
