<?xml version="1.0" encoding="UTF-8"?>
<!-- Generated by org.testng.reporters.JUnitReportReporter -->
<testsuite skipped="0" hostname="DESKTOP-HR3H067" name="A4_Allure_Report_Demo.baseball_youth_NB3165" tests="7" failures="0" timestamp="26 Apr 2019 11:27:37 GMT" time="63.214" errors="0">
  <testcase name="select_quantity" time="8.062" classname="A4_Allure_Report_Demo.baseball_youth_NB3165"/>
  <testcase name="select_sport" time="9.715" classname="A4_Allure_Report_Demo.baseball_youth_NB3165"/>
  <testcase name="cart" time="4.211" classname="A4_Allure_Report_Demo.baseball_youth_NB3165"/>
  <testcase name="login" time="2.465" classname="A4_Allure_Report_Demo.baseball_youth_NB3165"/>
  <testcase name="orderacknowledgement" time="1.313" classname="A4_Allure_Report_Demo.baseball_youth_NB3165"/>
  <testcase name="select_gender_garment" time="1.393" classname="A4_Allure_Report_Demo.baseball_youth_NB3165"/>
  <testcase name="select_style_decoration" time="36.055" classname="A4_Allure_Report_Demo.baseball_youth_NB3165"/>
</testsuite> <!-- A4_Allure_Report_Demo.baseball_youth_NB3165 -->
