<?xml version="1.0" encoding="UTF-8"?>
<!-- Generated by org.testng.reporters.JUnitReportReporter -->
<testsuite skipped="0" hostname="DESKTOP-HR3H067" name="A4_Allure_Report_Demo.T1_baseball_youth_NB3165_shirts_youth_cooling_performance_long_sleeve_crew" tests="6" failures="0" timestamp="02 Jul 2019 10:28:44 GMT" time="53.215" errors="0">
  <testcase name="select_sport" time="9.451" classname="A4_Allure_Report_Demo.T1_baseball_youth_NB3165_shirts_youth_cooling_performance_long_sleeve_crew"/>
  <testcase name="select_gender_garment" time="1.123" classname="A4_Allure_Report_Demo.T1_baseball_youth_NB3165_shirts_youth_cooling_performance_long_sleeve_crew"/>
  <testcase name="select_style_decoration" time="30.449" classname="A4_Allure_Report_Demo.T1_baseball_youth_NB3165_shirts_youth_cooling_performance_long_sleeve_crew"/>
  <testcase name="select_quantity" time="4.879" classname="A4_Allure_Report_Demo.T1_baseball_youth_NB3165_shirts_youth_cooling_performance_long_sleeve_crew"/>
  <testcase name="login" time="2.576" classname="A4_Allure_Report_Demo.T1_baseball_youth_NB3165_shirts_youth_cooling_performance_long_sleeve_crew"/>
  <testcase name="cart" time="4.737" classname="A4_Allure_Report_Demo.T1_baseball_youth_NB3165_shirts_youth_cooling_performance_long_sleeve_crew"/>
</testsuite> <!-- A4_Allure_Report_Demo.T1_baseball_youth_NB3165_shirts_youth_cooling_performance_long_sleeve_crew -->
