<?xml version="1.0" encoding="UTF-8"?>
<!-- Generated by org.testng.reporters.JUnitReportReporter -->
<testsuite skipped="5" hostname="DESKTOP-HR3H067" name="A4_Allure_Report_Demo.Share_T14_basketball_youth_NB3142_shirts_cooling_performance_crew" tests="5" failures="0" timestamp="02 Jul 2019 09:34:07 GMT" time="0.000" errors="0">
  <testcase name="share" time="0.000" classname="A4_Allure_Report_Demo.Share_T14_basketball_youth_NB3142_shirts_cooling_performance_crew">
    <skipped/>
  </testcase> <!-- share -->
  <testcase name="select_style_decoration" time="0.000" classname="A4_Allure_Report_Demo.Share_T14_basketball_youth_NB3142_shirts_cooling_performance_crew">
    <skipped/>
  </testcase> <!-- select_style_decoration -->
  <testcase name="select_gender_garment" time="0.000" classname="A4_Allure_Report_Demo.Share_T14_basketball_youth_NB3142_shirts_cooling_performance_crew">
    <skipped/>
  </testcase> <!-- select_gender_garment -->
  <testcase name="select_sport" time="0.000" classname="A4_Allure_Report_Demo.Share_T14_basketball_youth_NB3142_shirts_cooling_performance_crew">
    <skipped/>
  </testcase> <!-- select_sport -->
  <testcase name="login" time="0.000" classname="A4_Allure_Report_Demo.Share_T14_basketball_youth_NB3142_shirts_cooling_performance_crew">
    <skipped/>
  </testcase> <!-- login -->
</testsuite> <!-- A4_Allure_Report_Demo.Share_T14_basketball_youth_NB3142_shirts_cooling_performance_crew -->
