<?xml version="1.0" encoding="UTF-8"?>
<!-- Generated by org.testng.reporters.JUnitReportReporter -->
<testsuite skipped="0" hostname="DESKTOP-HR3H067" name="A4_Allure_Report_Demo.outerwear_male_N4237" tests="7" failures="0" timestamp="26 Apr 2019 06:53:45 GMT" time="63.137" errors="0">
  <testcase name="select_style_decoration" time="30.458" classname="A4_Allure_Report_Demo.outerwear_male_N4237"/>
  <testcase name="select_quantity" time="9.553" classname="A4_Allure_Report_Demo.outerwear_male_N4237"/>
  <testcase name="orderacknowledgement" time="1.377" classname="A4_Allure_Report_Demo.outerwear_male_N4237"/>
  <testcase name="login" time="2.453" classname="A4_Allure_Report_Demo.outerwear_male_N4237"/>
  <testcase name="cart" time="5.824" classname="A4_Allure_Report_Demo.outerwear_male_N4237"/>
  <testcase name="select_sport" time="10.145" classname="A4_Allure_Report_Demo.outerwear_male_N4237"/>
  <testcase name="select_gender_garment" time="3.327" classname="A4_Allure_Report_Demo.outerwear_male_N4237"/>
</testsuite> <!-- A4_Allure_Report_Demo.outerwear_male_N4237 -->
