<?xml version="1.0" encoding="UTF-8"?>
<!-- Generated by org.testng.reporters.JUnitReportReporter -->
<testsuite skipped="0" hostname="DESKTOP-HR3H067" name="A4_Allure_Report_Demo.T14_basketball_youth_NB3142_shirts_cooling_performance_crew" tests="6" failures="0" timestamp="02 Jul 2019 11:44:55 GMT" time="68.297" errors="0">
  <testcase name="select_gender_garment" time="2.156" classname="A4_Allure_Report_Demo.T14_basketball_youth_NB3142_shirts_cooling_performance_crew"/>
  <testcase name="select_sport" time="7.487" classname="A4_Allure_Report_Demo.T14_basketball_youth_NB3142_shirts_cooling_performance_crew"/>
  <testcase name="select_style_decoration" time="43.610" classname="A4_Allure_Report_Demo.T14_basketball_youth_NB3142_shirts_cooling_performance_crew"/>
  <testcase name="select_quantity" time="7.482" classname="A4_Allure_Report_Demo.T14_basketball_youth_NB3142_shirts_cooling_performance_crew"/>
  <testcase name="cart" time="5.104" classname="A4_Allure_Report_Demo.T14_basketball_youth_NB3142_shirts_cooling_performance_crew"/>
  <testcase name="login" time="2.458" classname="A4_Allure_Report_Demo.T14_basketball_youth_NB3142_shirts_cooling_performance_crew"/>
</testsuite> <!-- A4_Allure_Report_Demo.T14_basketball_youth_NB3142_shirts_cooling_performance_crew -->
