<?xml version="1.0" encoding="UTF-8"?>
<!-- Generated by org.testng.reporters.JUnitReportReporter -->
<testsuite skipped="0" hostname="DESKTOP-HR3H067" name="A4_Allure_Report_Demo.basketball_female_NW5284" tests="7" failures="0" timestamp="25 Apr 2019 10:52:54 GMT" time="65.632" errors="0">
  <testcase name="select_gender_garment" time="1.111" classname="A4_Allure_Report_Demo.basketball_female_NW5284"/>
  <testcase name="login" time="2.569" classname="A4_Allure_Report_Demo.basketball_female_NW5284"/>
  <testcase name="cart" time="5.688" classname="A4_Allure_Report_Demo.basketball_female_NW5284"/>
  <testcase name="select_sport" time="6.963" classname="A4_Allure_Report_Demo.basketball_female_NW5284"/>
  <testcase name="select_style_decoration" time="41.800" classname="A4_Allure_Report_Demo.basketball_female_NW5284"/>
  <testcase name="select_quantity" time="5.808" classname="A4_Allure_Report_Demo.basketball_female_NW5284"/>
  <testcase name="orderacknowledgement" time="1.693" classname="A4_Allure_Report_Demo.basketball_female_NW5284"/>
</testsuite> <!-- A4_Allure_Report_Demo.basketball_female_NW5284 -->
