<?xml version="1.0" encoding="UTF-8"?>
<!-- Generated by org.testng.reporters.JUnitReportReporter -->
<testsuite skipped="0" hostname="DESKTOP-HR3H067" name="A4_Allure_Report_Demo.soccer_youth_NB3172" tests="7" failures="0" timestamp="26 Apr 2019 10:10:43 GMT" time="91.688" errors="0">
  <testcase name="select_style_decoration" time="66.893" classname="A4_Allure_Report_Demo.soccer_youth_NB3172"/>
  <testcase name="select_quantity" time="8.598" classname="A4_Allure_Report_Demo.soccer_youth_NB3172"/>
  <testcase name="orderacknowledgement" time="1.349" classname="A4_Allure_Report_Demo.soccer_youth_NB3172"/>
  <testcase name="login" time="2.573" classname="A4_Allure_Report_Demo.soccer_youth_NB3172"/>
  <testcase name="cart" time="4.645" classname="A4_Allure_Report_Demo.soccer_youth_NB3172"/>
  <testcase name="select_sport" time="6.436" classname="A4_Allure_Report_Demo.soccer_youth_NB3172"/>
  <testcase name="select_gender_garment" time="1.194" classname="A4_Allure_Report_Demo.soccer_youth_NB3172"/>
</testsuite> <!-- A4_Allure_Report_Demo.soccer_youth_NB3172 -->
