<?xml version="1.0" encoding="UTF-8"?>
<!-- Generated by org.testng.reporters.JUnitReportReporter -->
<testsuite skipped="0" hostname="DESKTOP-HR3H067" name="A4_Allure_Report_Demo.track_female_NW4245" tests="7" failures="0" timestamp="26 Apr 2019 10:18:31 GMT" time="60.560" errors="0">
  <testcase name="select_style_decoration" time="36.436" classname="A4_Allure_Report_Demo.track_female_NW4245"/>
  <testcase name="select_quantity" time="8.249" classname="A4_Allure_Report_Demo.track_female_NW4245"/>
  <testcase name="orderacknowledgement" time="1.397" classname="A4_Allure_Report_Demo.track_female_NW4245"/>
  <testcase name="login" time="2.457" classname="A4_Allure_Report_Demo.track_female_NW4245"/>
  <testcase name="cart" time="4.332" classname="A4_Allure_Report_Demo.track_female_NW4245"/>
  <testcase name="select_sport" time="6.710" classname="A4_Allure_Report_Demo.track_female_NW4245"/>
  <testcase name="select_gender_garment" time="0.979" classname="A4_Allure_Report_Demo.track_female_NW4245"/>
</testsuite> <!-- A4_Allure_Report_Demo.track_female_NW4245 -->
