<?xml version="1.0" encoding="UTF-8"?>
<!-- Generated by org.testng.reporters.JUnitReportReporter -->
<testsuite skipped="0" hostname="DESKTOP-HR3H067" name="A4_Allure_Report_Demo.volleyball_youth_NG3143" tests="7" failures="0" timestamp="26 Apr 2019 10:57:30 GMT" time="51.905" errors="0">
  <testcase name="select_style_decoration" time="26.557" classname="A4_Allure_Report_Demo.volleyball_youth_NG3143"/>
  <testcase name="select_quantity" time="6.046" classname="A4_Allure_Report_Demo.volleyball_youth_NG3143"/>
  <testcase name="orderacknowledgement" time="1.193" classname="A4_Allure_Report_Demo.volleyball_youth_NG3143"/>
  <testcase name="login" time="2.463" classname="A4_Allure_Report_Demo.volleyball_youth_NG3143"/>
  <testcase name="cart" time="3.656" classname="A4_Allure_Report_Demo.volleyball_youth_NG3143"/>
  <testcase name="select_sport" time="10.713" classname="A4_Allure_Report_Demo.volleyball_youth_NG3143"/>
  <testcase name="select_gender_garment" time="1.277" classname="A4_Allure_Report_Demo.volleyball_youth_NG3143"/>
</testsuite> <!-- A4_Allure_Report_Demo.volleyball_youth_NG3143 -->
