<?xml version="1.0" encoding="UTF-8"?>
<!-- Generated by org.testng.reporters.JUnitReportReporter -->
<testsuite skipped="0" hostname="DESKTOP-HR3H067" name="A4_Allure_Report_Demo.T26_outerwear_male_N4246_pullovers_zip_color_block_fleece" tests="6" failures="0" timestamp="03 Jul 2019 12:55:08 GMT" time="39.422" errors="0">
  <testcase name="select_gender_garment" time="1.905" classname="A4_Allure_Report_Demo.T26_outerwear_male_N4246_pullovers_zip_color_block_fleece"/>
  <testcase name="select_style_decoration" time="19.885" classname="A4_Allure_Report_Demo.T26_outerwear_male_N4246_pullovers_zip_color_block_fleece"/>
  <testcase name="select_quantity" time="3.882" classname="A4_Allure_Report_Demo.T26_outerwear_male_N4246_pullovers_zip_color_block_fleece"/>
  <testcase name="select_sport" time="6.862" classname="A4_Allure_Report_Demo.T26_outerwear_male_N4246_pullovers_zip_color_block_fleece"/>
  <testcase name="cart" time="4.343" classname="A4_Allure_Report_Demo.T26_outerwear_male_N4246_pullovers_zip_color_block_fleece"/>
  <testcase name="login" time="2.545" classname="A4_Allure_Report_Demo.T26_outerwear_male_N4246_pullovers_zip_color_block_fleece"/>
</testsuite> <!-- A4_Allure_Report_Demo.T26_outerwear_male_N4246_pullovers_zip_color_block_fleece -->
