<?xml version="1.0" encoding="UTF-8"?>
<!-- Generated by org.testng.reporters.JUnitReportReporter -->
<testsuite skipped="0" hostname="DESKTOP-HR3H067" name="A4_Allure_Report_Demo.soccer_male_N3001" tests="7" failures="0" timestamp="25 Apr 2019 10:52:54 GMT" time="60.964" errors="0">
  <testcase name="orderacknowledgement" time="1.751" classname="A4_Allure_Report_Demo.soccer_male_N3001"/>
  <testcase name="cart" time="4.353" classname="A4_Allure_Report_Demo.soccer_male_N3001"/>
  <testcase name="select_quantity" time="4.800" classname="A4_Allure_Report_Demo.soccer_male_N3001"/>
  <testcase name="select_sport" time="8.283" classname="A4_Allure_Report_Demo.soccer_male_N3001"/>
  <testcase name="login" time="2.484" classname="A4_Allure_Report_Demo.soccer_male_N3001"/>
  <testcase name="select_gender_garment" time="1.447" classname="A4_Allure_Report_Demo.soccer_male_N3001"/>
  <testcase name="select_style_decoration" time="37.846" classname="A4_Allure_Report_Demo.soccer_male_N3001"/>
</testsuite> <!-- A4_Allure_Report_Demo.soccer_male_N3001 -->
