<?xml version="1.0" encoding="UTF-8"?>
<!-- Generated by org.testng.reporters.JUnitReportReporter -->
<testsuite skipped="0" hostname="DESKTOP-HR3H067" name="A4_DESIGN_LOCKER.basketball_youth_jersey_N2206" tests="4" failures="0" timestamp="19 Apr 2019 13:53:43 GMT" time="166.778" errors="0">
  <testcase name="profile" time="117.287" classname="A4_DESIGN_LOCKER.basketball_youth_jersey_N2206"/>
  <testcase name="login" time="0.434" classname="A4_DESIGN_LOCKER.basketball_youth_jersey_N2206"/>
  <testcase name="order_acknowledgement" time="2.871" classname="A4_DESIGN_LOCKER.basketball_youth_jersey_N2206"/>
  <testcase name="add_to_cart" time="46.186" classname="A4_DESIGN_LOCKER.basketball_youth_jersey_N2206"/>
</testsuite> <!-- A4_DESIGN_LOCKER.basketball_youth_jersey_N2206 -->
