<?xml version="1.0" encoding="UTF-8"?>
<!-- Generated by org.testng.reporters.JUnitReportReporter -->
<testsuite skipped="0" hostname="DESKTOP-HR3H067" name="A4_Allure_Report_Demo.track_male_N3165" tests="7" failures="0" timestamp="26 Apr 2019 10:26:21 GMT" time="53.748" errors="0">
  <testcase name="select_style_decoration" time="28.394" classname="A4_Allure_Report_Demo.track_male_N3165"/>
  <testcase name="select_quantity" time="9.413" classname="A4_Allure_Report_Demo.track_male_N3165"/>
  <testcase name="orderacknowledgement" time="1.163" classname="A4_Allure_Report_Demo.track_male_N3165"/>
  <testcase name="login" time="2.457" classname="A4_Allure_Report_Demo.track_male_N3165"/>
  <testcase name="cart" time="3.940" classname="A4_Allure_Report_Demo.track_male_N3165"/>
  <testcase name="select_sport" time="6.862" classname="A4_Allure_Report_Demo.track_male_N3165"/>
  <testcase name="select_gender_garment" time="1.519" classname="A4_Allure_Report_Demo.track_male_N3165"/>
</testsuite> <!-- A4_Allure_Report_Demo.track_male_N3165 -->
