<?xml version="1.0" encoding="UTF-8"?>
<!-- Generated by org.testng.reporters.JUnitReportReporter -->
<testsuite skipped="10" hostname="DESKTOP-HR3H067" name="A4_Allure_Report_Demo.T71_Baseball_Tshirt" tests="10" failures="0" timestamp="02 Jul 2019 09:34:09 GMT" time="0.000" errors="0">
  <testcase name="SelectYourSport" time="0.000" classname="A4_Allure_Report_Demo.T71_Baseball_Tshirt">
    <skipped/>
  </testcase> <!-- SelectYourSport -->
  <testcase name="SelectYourGender" time="0.000" classname="A4_Allure_Report_Demo.T71_Baseball_Tshirt">
    <skipped/>
  </testcase> <!-- SelectYourGender -->
  <testcase name="SelectShirtType" time="0.000" classname="A4_Allure_Report_Demo.T71_Baseball_Tshirt">
    <skipped/>
  </testcase> <!-- SelectShirtType -->
  <testcase name="CheckOut" time="0.000" classname="A4_Allure_Report_Demo.T71_Baseball_Tshirt">
    <skipped/>
  </testcase> <!-- CheckOut -->
  <testcase name="Start" time="0.000" classname="A4_Allure_Report_Demo.T71_Baseball_Tshirt">
    <skipped/>
  </testcase> <!-- Start -->
  <testcase name="PlaceOrder" time="0.000" classname="A4_Allure_Report_Demo.T71_Baseball_Tshirt">
    <skipped/>
  </testcase> <!-- PlaceOrder -->
  <testcase name="Decoration_two" time="0.000" classname="A4_Allure_Report_Demo.T71_Baseball_Tshirt">
    <skipped/>
  </testcase> <!-- Decoration_two -->
  <testcase name="Login" time="0.000" classname="A4_Allure_Report_Demo.T71_Baseball_Tshirt">
    <skipped/>
  </testcase> <!-- Login -->
  <testcase name="Decoration" time="0.000" classname="A4_Allure_Report_Demo.T71_Baseball_Tshirt">
    <skipped/>
  </testcase> <!-- Decoration -->
  <testcase name="SelectShirtColor" time="0.000" classname="A4_Allure_Report_Demo.T71_Baseball_Tshirt">
    <skipped/>
  </testcase> <!-- SelectShirtColor -->
</testsuite> <!-- A4_Allure_Report_Demo.T71_Baseball_Tshirt -->
