<?xml version="1.0" encoding="UTF-8"?>
<!-- Generated by org.testng.reporters.JUnitReportReporter -->
<testsuite skipped="0" hostname="DESKTOP-HR3H067" name="A4_Allure_Report_Demo.T17_football_men_N4190_jerseys_all_porthole_practice_jersey" tests="6" failures="0" timestamp="02 Jul 2019 12:39:09 GMT" time="180.199" errors="0">
  <testcase name="select_sport" time="8.095" classname="A4_Allure_Report_Demo.T17_football_men_N4190_jerseys_all_porthole_practice_jersey"/>
  <testcase name="select_style_decoration" time="134.706" classname="A4_Allure_Report_Demo.T17_football_men_N4190_jerseys_all_porthole_practice_jersey"/>
  <testcase name="cart" time="10.558" classname="A4_Allure_Report_Demo.T17_football_men_N4190_jerseys_all_porthole_practice_jersey"/>
  <testcase name="select_quantity" time="19.511" classname="A4_Allure_Report_Demo.T17_football_men_N4190_jerseys_all_porthole_practice_jersey"/>
  <testcase name="login" time="2.544" classname="A4_Allure_Report_Demo.T17_football_men_N4190_jerseys_all_porthole_practice_jersey"/>
  <testcase name="select_gender_garment" time="4.785" classname="A4_Allure_Report_Demo.T17_football_men_N4190_jerseys_all_porthole_practice_jersey"/>
</testsuite> <!-- A4_Allure_Report_Demo.T17_football_men_N4190_jerseys_all_porthole_practice_jersey -->
