<?xml version="1.0" encoding="UTF-8"?>
<!-- Generated by org.testng.reporters.JUnitReportReporter -->
<testsuite skipped="0" hostname="DESKTOP-HR3H067" name="A4_DESIGN_LOCKER.mens_basic_shirt_N3142" tests="4" failures="0" timestamp="19 Apr 2019 13:53:43 GMT" time="115.047" errors="0">
  <testcase name="order_acknowledgement" time="1.525" classname="A4_DESIGN_LOCKER.mens_basic_shirt_N3142"/>
  <testcase name="login" time="0.606" classname="A4_DESIGN_LOCKER.mens_basic_shirt_N3142"/>
  <testcase name="profile" time="63.332" classname="A4_DESIGN_LOCKER.mens_basic_shirt_N3142"/>
  <testcase name="add_to_cart" time="49.584" classname="A4_DESIGN_LOCKER.mens_basic_shirt_N3142"/>
</testsuite> <!-- A4_DESIGN_LOCKER.mens_basic_shirt_N3142 -->
