<?xml version="1.0" encoding="UTF-8"?>
<!-- Generated by org.testng.reporters.JUnitReportReporter -->
<testsuite skipped="0" hostname="DESKTOP-HR3H067" name="A4_Allure_Report_Demo.baseball_youth_NB6603" tests="7" failures="0" timestamp="25 Apr 2019 10:52:54 GMT" time="66.844" errors="0">
  <testcase name="select_quantity" time="5.734" classname="A4_Allure_Report_Demo.baseball_youth_NB6603"/>
  <testcase name="select_sport" time="6.861" classname="A4_Allure_Report_Demo.baseball_youth_NB6603"/>
  <testcase name="orderacknowledgement" time="3.645" classname="A4_Allure_Report_Demo.baseball_youth_NB6603"/>
  <testcase name="select_gender_garment" time="1.147" classname="A4_Allure_Report_Demo.baseball_youth_NB6603"/>
  <testcase name="cart" time="4.827" classname="A4_Allure_Report_Demo.baseball_youth_NB6603"/>
  <testcase name="select_style_decoration" time="42.033" classname="A4_Allure_Report_Demo.baseball_youth_NB6603"/>
  <testcase name="login" time="2.597" classname="A4_Allure_Report_Demo.baseball_youth_NB6603"/>
</testsuite> <!-- A4_Allure_Report_Demo.baseball_youth_NB6603 -->
