<?xml version="1.0" encoding="UTF-8"?>
<!-- Generated by org.testng.reporters.JUnitReportReporter -->
<testsuite skipped="0" hostname="DESKTOP-HR3H067" name="A4_Allure_Report_Demo.baseball_male_N4184" tests="7" failures="0" timestamp="26 Apr 2019 11:20:02 GMT" time="63.279" errors="0">
  <testcase name="select_quantity" time="8.929" classname="A4_Allure_Report_Demo.baseball_male_N4184"/>
  <testcase name="select_sport" time="10.104" classname="A4_Allure_Report_Demo.baseball_male_N4184"/>
  <testcase name="cart" time="3.771" classname="A4_Allure_Report_Demo.baseball_male_N4184"/>
  <testcase name="login" time="2.593" classname="A4_Allure_Report_Demo.baseball_male_N4184"/>
  <testcase name="orderacknowledgement" time="1.176" classname="A4_Allure_Report_Demo.baseball_male_N4184"/>
  <testcase name="select_gender_garment" time="1.209" classname="A4_Allure_Report_Demo.baseball_male_N4184"/>
  <testcase name="select_style_decoration" time="35.497" classname="A4_Allure_Report_Demo.baseball_male_N4184"/>
</testsuite> <!-- A4_Allure_Report_Demo.baseball_male_N4184 -->
