<?xml version="1.0" encoding="UTF-8"?>
<!-- Generated by org.testng.reporters.JUnitReportReporter -->
<testsuite skipped="0" hostname="DESKTOP-HR3H067" name="A4_Allure_Report_Demo.T2_baseball_female_NW3143_jerseys_Tek2_Button_Henley" tests="6" failures="0" timestamp="02 Jul 2019 12:59:53 GMT" time="85.431" errors="0">
  <testcase name="select_quantity" time="6.292" classname="A4_Allure_Report_Demo.T2_baseball_female_NW3143_jerseys_Tek2_Button_Henley"/>
  <testcase name="select_sport" time="8.482" classname="A4_Allure_Report_Demo.T2_baseball_female_NW3143_jerseys_Tek2_Button_Henley"/>
  <testcase name="cart" time="3.814" classname="A4_Allure_Report_Demo.T2_baseball_female_NW3143_jerseys_Tek2_Button_Henley"/>
  <testcase name="login" time="2.425" classname="A4_Allure_Report_Demo.T2_baseball_female_NW3143_jerseys_Tek2_Button_Henley"/>
  <testcase name="select_gender_garment" time="2.660" classname="A4_Allure_Report_Demo.T2_baseball_female_NW3143_jerseys_Tek2_Button_Henley"/>
  <testcase name="select_style_decoration" time="61.758" classname="A4_Allure_Report_Demo.T2_baseball_female_NW3143_jerseys_Tek2_Button_Henley"/>
</testsuite> <!-- A4_Allure_Report_Demo.T2_baseball_female_NW3143_jerseys_Tek2_Button_Henley -->
