<?xml version="1.0" encoding="UTF-8"?>
<!-- Generated by org.testng.reporters.JUnitReportReporter -->
<testsuite skipped="0" hostname="DESKTOP-HR3H067" name="A4_Allure_Report_Demo.T12_basketball_male_N4261_jackets_full_zip_warm_up_jacket" tests="6" failures="0" timestamp="02 Jul 2019 10:50:28 GMT" time="149.615" errors="0">
  <testcase name="select_gender_garment" time="3.467" classname="A4_Allure_Report_Demo.T12_basketball_male_N4261_jackets_full_zip_warm_up_jacket"/>
  <testcase name="cart" time="3.714" classname="A4_Allure_Report_Demo.T12_basketball_male_N4261_jackets_full_zip_warm_up_jacket"/>
  <testcase name="select_sport" time="12.140" classname="A4_Allure_Report_Demo.T12_basketball_male_N4261_jackets_full_zip_warm_up_jacket"/>
  <testcase name="select_style_decoration" time="118.397" classname="A4_Allure_Report_Demo.T12_basketball_male_N4261_jackets_full_zip_warm_up_jacket"/>
  <testcase name="select_quantity" time="9.447" classname="A4_Allure_Report_Demo.T12_basketball_male_N4261_jackets_full_zip_warm_up_jacket"/>
  <testcase name="login" time="2.450" classname="A4_Allure_Report_Demo.T12_basketball_male_N4261_jackets_full_zip_warm_up_jacket"/>
</testsuite> <!-- A4_Allure_Report_Demo.T12_basketball_male_N4261_jackets_full_zip_warm_up_jacket -->
