<?xml version="1.0" encoding="UTF-8"?>
<!-- Generated by org.testng.reporters.JUnitReportReporter -->
<testsuite skipped="0" hostname="DESKTOP-HR3H067" name="A4_Allure_Report_Demo.basketball_youth_NB4249" tests="7" failures="0" timestamp="25 Apr 2019 13:36:41 GMT" time="82.152" errors="0">
  <testcase name="select_gender_garment" time="1.898" classname="A4_Allure_Report_Demo.basketball_youth_NB4249"/>
  <testcase name="cart" time="6.822" classname="A4_Allure_Report_Demo.basketball_youth_NB4249"/>
  <testcase name="select_sport" time="11.728" classname="A4_Allure_Report_Demo.basketball_youth_NB4249"/>
  <testcase name="select_style_decoration" time="47.244" classname="A4_Allure_Report_Demo.basketball_youth_NB4249"/>
  <testcase name="orderacknowledgement" time="2.221" classname="A4_Allure_Report_Demo.basketball_youth_NB4249"/>
  <testcase name="select_quantity" time="9.581" classname="A4_Allure_Report_Demo.basketball_youth_NB4249"/>
  <testcase name="login" time="2.658" classname="A4_Allure_Report_Demo.basketball_youth_NB4249"/>
</testsuite> <!-- A4_Allure_Report_Demo.basketball_youth_NB4249 -->
