<?xml version="1.0" encoding="UTF-8"?>
<!-- Generated by org.testng.reporters.JUnitReportReporter -->
<testsuite skipped="2" hostname="DESKTOP-HR3H067" name="A4_Allure_Report_Demo.Search_order_by_providing_order_by_providing_PO_NO" tests="2" failures="0" timestamp="02 Jul 2019 09:34:09 GMT" time="0.000" errors="0">
  <testcase name="login" time="0.000" classname="A4_Allure_Report_Demo.Search_order_by_providing_order_by_providing_PO_NO">
    <skipped/>
  </testcase> <!-- login -->
  <testcase name="select_sport" time="0.000" classname="A4_Allure_Report_Demo.Search_order_by_providing_order_by_providing_PO_NO">
    <skipped/>
  </testcase> <!-- select_sport -->
</testsuite> <!-- A4_Allure_Report_Demo.Search_order_by_providing_order_by_providing_PO_NO -->
