<?xml version="1.0" encoding="UTF-8"?>
<!-- Generated by org.testng.reporters.JUnitReportReporter -->
<testsuite skipped="0" hostname="DESKTOP-HR3H067" name="A4_Allure_Report_Demo.baseball_female_NW3232" tests="7" failures="0" timestamp="25 Apr 2019 13:04:23 GMT" time="47.081" errors="0">
  <testcase name="select_gender_garment" time="1.040" classname="A4_Allure_Report_Demo.baseball_female_NW3232"/>
  <testcase name="cart" time="4.171" classname="A4_Allure_Report_Demo.baseball_female_NW3232"/>
  <testcase name="select_sport" time="6.878" classname="A4_Allure_Report_Demo.baseball_female_NW3232"/>
  <testcase name="select_style_decoration" time="24.733" classname="A4_Allure_Report_Demo.baseball_female_NW3232"/>
  <testcase name="orderacknowledgement" time="3.442" classname="A4_Allure_Report_Demo.baseball_female_NW3232"/>
  <testcase name="select_quantity" time="4.381" classname="A4_Allure_Report_Demo.baseball_female_NW3232"/>
  <testcase name="login" time="2.436" classname="A4_Allure_Report_Demo.baseball_female_NW3232"/>
</testsuite> <!-- A4_Allure_Report_Demo.baseball_female_NW3232 -->
