<?xml version="1.0" encoding="UTF-8"?>
<!-- Generated by org.testng.reporters.JUnitReportReporter -->
<testsuite skipped="6" hostname="DESKTOP-HR3H067" name="A4_Allure_Report_Demo.T45_volleyball_male_N4268_pullovers_daily_zip" tests="6" failures="0" timestamp="02 Jul 2019 09:34:10 GMT" time="0.001" errors="0">
  <testcase name="select_sport" time="0.000" classname="A4_Allure_Report_Demo.T45_volleyball_male_N4268_pullovers_daily_zip">
    <skipped/>
  </testcase> <!-- select_sport -->
  <testcase name="select_quantity" time="0.000" classname="A4_Allure_Report_Demo.T45_volleyball_male_N4268_pullovers_daily_zip">
    <skipped/>
  </testcase> <!-- select_quantity -->
  <testcase name="select_style_decoration" time="0.001" classname="A4_Allure_Report_Demo.T45_volleyball_male_N4268_pullovers_daily_zip">
    <skipped/>
  </testcase> <!-- select_style_decoration -->
  <testcase name="login" time="0.000" classname="A4_Allure_Report_Demo.T45_volleyball_male_N4268_pullovers_daily_zip">
    <skipped/>
  </testcase> <!-- login -->
  <testcase name="cart" time="0.000" classname="A4_Allure_Report_Demo.T45_volleyball_male_N4268_pullovers_daily_zip">
    <skipped/>
  </testcase> <!-- cart -->
  <testcase name="select_gender_garment" time="0.000" classname="A4_Allure_Report_Demo.T45_volleyball_male_N4268_pullovers_daily_zip">
    <skipped/>
  </testcase> <!-- select_gender_garment -->
</testsuite> <!-- A4_Allure_Report_Demo.T45_volleyball_male_N4268_pullovers_daily_zip -->
