<?xml version="1.0" encoding="UTF-8"?>
<!-- Generated by org.testng.reporters.JUnitReportReporter -->
<testsuite skipped="0" hostname="DESKTOP-HR3H067" name="A4_Allure_Report_Demo.volleyball_youth_NB5244" tests="7" failures="0" timestamp="25 Apr 2019 10:52:54 GMT" time="62.523" errors="0">
  <testcase name="cart" time="3.949" classname="A4_Allure_Report_Demo.volleyball_youth_NB5244"/>
  <testcase name="select_style_decoration" time="39.026" classname="A4_Allure_Report_Demo.volleyball_youth_NB5244"/>
  <testcase name="select_quantity" time="6.315" classname="A4_Allure_Report_Demo.volleyball_youth_NB5244"/>
  <testcase name="login" time="2.533" classname="A4_Allure_Report_Demo.volleyball_youth_NB5244"/>
  <testcase name="orderacknowledgement" time="1.480" classname="A4_Allure_Report_Demo.volleyball_youth_NB5244"/>
  <testcase name="select_gender_garment" time="1.005" classname="A4_Allure_Report_Demo.volleyball_youth_NB5244"/>
  <testcase name="select_sport" time="8.215" classname="A4_Allure_Report_Demo.volleyball_youth_NB5244"/>
</testsuite> <!-- A4_Allure_Report_Demo.volleyball_youth_NB5244 -->
