<?xml version="1.0" encoding="UTF-8"?>
<!-- Generated by org.testng.reporters.JUnitReportReporter -->
<testsuite skipped="0" hostname="DESKTOP-HR3H067" name="A4_Allure_Report_Demo.T18_football_youth_NB3142_youth_cooling_performance_crew" tests="6" failures="0" timestamp="02 Jul 2019 12:48:01 GMT" time="90.514" errors="0">
  <testcase name="select_quantity" time="8.703" classname="A4_Allure_Report_Demo.T18_football_youth_NB3142_youth_cooling_performance_crew"/>
  <testcase name="select_sport" time="11.381" classname="A4_Allure_Report_Demo.T18_football_youth_NB3142_youth_cooling_performance_crew"/>
  <testcase name="cart" time="6.284" classname="A4_Allure_Report_Demo.T18_football_youth_NB3142_youth_cooling_performance_crew"/>
  <testcase name="select_gender_garment" time="1.908" classname="A4_Allure_Report_Demo.T18_football_youth_NB3142_youth_cooling_performance_crew"/>
  <testcase name="select_style_decoration" time="59.692" classname="A4_Allure_Report_Demo.T18_football_youth_NB3142_youth_cooling_performance_crew"/>
  <testcase name="login" time="2.546" classname="A4_Allure_Report_Demo.T18_football_youth_NB3142_youth_cooling_performance_crew"/>
</testsuite> <!-- A4_Allure_Report_Demo.T18_football_youth_NB3142_youth_cooling_performance_crew -->
