<?xml version="1.0" encoding="UTF-8"?>
<!-- Generated by org.testng.reporters.JUnitReportReporter -->
<testsuite skipped="0" hostname="DESKTOP-HR3H067" name="A4_Allure_Report_Demo.T24_outerwear_female_NW4245_pullovers_tech_fleece_hoodie" tests="6" failures="0" timestamp="03 Jul 2019 13:10:01 GMT" time="96.521" errors="0">
  <testcase name="select_gender_garment" time="3.649" classname="A4_Allure_Report_Demo.T24_outerwear_female_NW4245_pullovers_tech_fleece_hoodie"/>
  <testcase name="select_style_decoration" time="71.103" classname="A4_Allure_Report_Demo.T24_outerwear_female_NW4245_pullovers_tech_fleece_hoodie"/>
  <testcase name="select_quantity" time="4.963" classname="A4_Allure_Report_Demo.T24_outerwear_female_NW4245_pullovers_tech_fleece_hoodie"/>
  <testcase name="cart" time="4.289" classname="A4_Allure_Report_Demo.T24_outerwear_female_NW4245_pullovers_tech_fleece_hoodie"/>
  <testcase name="select_sport" time="9.974" classname="A4_Allure_Report_Demo.T24_outerwear_female_NW4245_pullovers_tech_fleece_hoodie"/>
  <testcase name="login" time="2.543" classname="A4_Allure_Report_Demo.T24_outerwear_female_NW4245_pullovers_tech_fleece_hoodie"/>
</testsuite> <!-- A4_Allure_Report_Demo.T24_outerwear_female_NW4245_pullovers_tech_fleece_hoodie -->
