<?xml version="1.0" encoding="UTF-8"?>
<!-- Generated by org.testng.reporters.JUnitReportReporter -->
<testsuite skipped="0" hostname="DESKTOP-HR3H067" name="A4_Allure_Report_Demo.volleyball_male_N2014" tests="7" failures="0" timestamp="26 Apr 2019 10:47:25 GMT" time="55.245" errors="0">
  <testcase name="select_style_decoration" time="28.982" classname="A4_Allure_Report_Demo.volleyball_male_N2014"/>
  <testcase name="select_quantity" time="10.048" classname="A4_Allure_Report_Demo.volleyball_male_N2014"/>
  <testcase name="orderacknowledgement" time="1.399" classname="A4_Allure_Report_Demo.volleyball_male_N2014"/>
  <testcase name="login" time="2.586" classname="A4_Allure_Report_Demo.volleyball_male_N2014"/>
  <testcase name="cart" time="4.140" classname="A4_Allure_Report_Demo.volleyball_male_N2014"/>
  <testcase name="select_sport" time="6.723" classname="A4_Allure_Report_Demo.volleyball_male_N2014"/>
  <testcase name="select_gender_garment" time="1.367" classname="A4_Allure_Report_Demo.volleyball_male_N2014"/>
</testsuite> <!-- A4_Allure_Report_Demo.volleyball_male_N2014 -->
