<?xml version="1.0" encoding="UTF-8"?>
<!-- Generated by org.testng.reporters.JUnitReportReporter -->
<testsuite skipped="0" hostname="DESKTOP-HR3H067" name="A4_Allure_Report_Demo.soccer_female_NW3201" tests="7" failures="0" timestamp="26 Apr 2019 09:54:32 GMT" time="63.128" errors="0">
  <testcase name="select_style_decoration" time="31.337" classname="A4_Allure_Report_Demo.soccer_female_NW3201"/>
  <testcase name="select_quantity" time="11.251" classname="A4_Allure_Report_Demo.soccer_female_NW3201"/>
  <testcase name="orderacknowledgement" time="1.208" classname="A4_Allure_Report_Demo.soccer_female_NW3201"/>
  <testcase name="login" time="2.619" classname="A4_Allure_Report_Demo.soccer_female_NW3201"/>
  <testcase name="cart" time="5.992" classname="A4_Allure_Report_Demo.soccer_female_NW3201"/>
  <testcase name="select_sport" time="9.797" classname="A4_Allure_Report_Demo.soccer_female_NW3201"/>
  <testcase name="select_gender_garment" time="0.924" classname="A4_Allure_Report_Demo.soccer_female_NW3201"/>
</testsuite> <!-- A4_Allure_Report_Demo.soccer_female_NW3201 -->
