<?xml version="1.0" encoding="UTF-8"?>
<!-- Generated by org.testng.reporters.JUnitReportReporter -->
<testsuite skipped="0" hostname="DESKTOP-HR3H067" name="A4_Allure_Report_Demo.football_youth_NB3142" tests="7" failures="0" timestamp="25 Apr 2019 10:52:54 GMT" time="62.771" errors="0">
  <testcase name="select_gender_garment" time="1.169" classname="A4_Allure_Report_Demo.football_youth_NB3142"/>
  <testcase name="login" time="2.625" classname="A4_Allure_Report_Demo.football_youth_NB3142"/>
  <testcase name="cart" time="4.463" classname="A4_Allure_Report_Demo.football_youth_NB3142"/>
  <testcase name="select_sport" time="7.607" classname="A4_Allure_Report_Demo.football_youth_NB3142"/>
  <testcase name="orderacknowledgement" time="1.724" classname="A4_Allure_Report_Demo.football_youth_NB3142"/>
  <testcase name="select_style_decoration" time="38.267" classname="A4_Allure_Report_Demo.football_youth_NB3142"/>
  <testcase name="select_quantity" time="6.916" classname="A4_Allure_Report_Demo.football_youth_NB3142"/>
</testsuite> <!-- A4_Allure_Report_Demo.football_youth_NB3142 -->
