<?xml version="1.0" encoding="UTF-8"?>
<!-- Generated by org.testng.reporters.JUnitReportReporter -->
<testsuite skipped="0" hostname="DESKTOP-HR3H067" name="A4_Allure_Report_Demo.T66_football_men_N4190_jerseys_all_porthole_practice_jersey" tests="7" failures="0" timestamp="02 May 2019 10:35:08 GMT" time="53.714" errors="0">
  <testcase name="select_gender_garment" time="1.354" classname="A4_Allure_Report_Demo.T66_football_men_N4190_jerseys_all_porthole_practice_jersey"/>
  <testcase name="orderacknowledgement" time="1.171" classname="A4_Allure_Report_Demo.T66_football_men_N4190_jerseys_all_porthole_practice_jersey"/>
  <testcase name="cart" time="5.601" classname="A4_Allure_Report_Demo.T66_football_men_N4190_jerseys_all_porthole_practice_jersey"/>
  <testcase name="select_sport" time="6.930" classname="A4_Allure_Report_Demo.T66_football_men_N4190_jerseys_all_porthole_practice_jersey"/>
  <testcase name="select_style_decoration" time="25.757" classname="A4_Allure_Report_Demo.T66_football_men_N4190_jerseys_all_porthole_practice_jersey"/>
  <testcase name="login" time="2.529" classname="A4_Allure_Report_Demo.T66_football_men_N4190_jerseys_all_porthole_practice_jersey"/>
  <testcase name="rosters" time="10.372" classname="A4_Allure_Report_Demo.T66_football_men_N4190_jerseys_all_porthole_practice_jersey"/>
</testsuite> <!-- A4_Allure_Report_Demo.T66_football_men_N4190_jerseys_all_porthole_practice_jersey -->
