<?xml version="1.0" encoding="UTF-8"?>
<!-- Generated by org.testng.reporters.JUnitReportReporter -->
<testsuite skipped="0" hostname="DESKTOP-HR3H067" name="Backend.Orders" tests="8" failures="0" timestamp="29 May 2019 09:50:08 GMT" time="29.022" errors="0">
  <testcase name="Login" time="1.655" classname="Backend.Orders"/>
  <testcase name="Decoration_Preview" time="1.165" classname="Backend.Orders"/>
  <testcase name="View_Order" time="0.653" classname="Backend.Orders"/>
  <testcase name="Order" time="1.792" classname="Backend.Orders"/>
  <testcase name="Notes" time="2.144" classname="Backend.Orders"/>
  <testcase name="Share_Order" time="16.071" classname="Backend.Orders"/>
  <testcase name="Order_acknowledgment" time="2.780" classname="Backend.Orders"/>
  <testcase name="Work_Order" time="2.762" classname="Backend.Orders"/>
</testsuite> <!-- Backend.Orders -->
