<?xml version="1.0" encoding="UTF-8"?>
<!-- Generated by org.testng.reporters.JUnitReportReporter -->
<testsuite skipped="0" hostname="DESKTOP-HR3H067" name="A4_Allure_Report_Demo.track_male_N2359" tests="7" failures="0" timestamp="25 Apr 2019 10:52:54 GMT" time="67.058" errors="0">
  <testcase name="orderacknowledgement" time="1.663" classname="A4_Allure_Report_Demo.track_male_N2359"/>
  <testcase name="select_style_decoration" time="42.168" classname="A4_Allure_Report_Demo.track_male_N2359"/>
  <testcase name="cart" time="4.530" classname="A4_Allure_Report_Demo.track_male_N2359"/>
  <testcase name="select_gender_garment" time="1.786" classname="A4_Allure_Report_Demo.track_male_N2359"/>
  <testcase name="login" time="3.368" classname="A4_Allure_Report_Demo.track_male_N2359"/>
  <testcase name="select_sport" time="7.813" classname="A4_Allure_Report_Demo.track_male_N2359"/>
  <testcase name="select_quantity" time="5.730" classname="A4_Allure_Report_Demo.track_male_N2359"/>
</testsuite> <!-- A4_Allure_Report_Demo.track_male_N2359 -->
