<?xml version="1.0" encoding="UTF-8"?>
<!-- Generated by org.testng.reporters.JUnitReportReporter -->
<testsuite skipped="0" hostname="DESKTOP-HR3H067" name="A4_DESIGN_LOCKER.basketball_youth_jersey_N2206_2" tests="4" failures="0" timestamp="19 Apr 2019 13:53:43 GMT" time="111.744" errors="0">
  <testcase name="add_to_cart" time="61.884" classname="A4_DESIGN_LOCKER.basketball_youth_jersey_N2206_2"/>
  <testcase name="login" time="0.510" classname="A4_DESIGN_LOCKER.basketball_youth_jersey_N2206_2"/>
  <testcase name="profile" time="46.459" classname="A4_DESIGN_LOCKER.basketball_youth_jersey_N2206_2"/>
  <testcase name="order_acknowledgement" time="2.891" classname="A4_DESIGN_LOCKER.basketball_youth_jersey_N2206_2"/>
</testsuite> <!-- A4_DESIGN_LOCKER.basketball_youth_jersey_N2206_2 -->
