<?xml version="1.0" encoding="UTF-8"?>
<!-- Generated by org.testng.reporters.JUnitReportReporter -->
<testsuite skipped="6" hostname="DESKTOP-HR3H067" name="A4_Allure_Report_Demo.T61_rosters_basketball_female_NW5284_shorts_reversible_moisture_management_short" tests="6" failures="0" timestamp="02 Jul 2019 09:34:10 GMT" time="0.000" errors="0">
  <testcase name="select_style_decoration" time="0.000" classname="A4_Allure_Report_Demo.T61_rosters_basketball_female_NW5284_shorts_reversible_moisture_management_short">
    <skipped/>
  </testcase> <!-- select_style_decoration -->
  <testcase name="cart" time="0.000" classname="A4_Allure_Report_Demo.T61_rosters_basketball_female_NW5284_shorts_reversible_moisture_management_short">
    <skipped/>
  </testcase> <!-- cart -->
  <testcase name="select_sport" time="0.000" classname="A4_Allure_Report_Demo.T61_rosters_basketball_female_NW5284_shorts_reversible_moisture_management_short">
    <skipped/>
  </testcase> <!-- select_sport -->
  <testcase name="rosters" time="0.000" classname="A4_Allure_Report_Demo.T61_rosters_basketball_female_NW5284_shorts_reversible_moisture_management_short">
    <skipped/>
  </testcase> <!-- rosters -->
  <testcase name="login" time="0.000" classname="A4_Allure_Report_Demo.T61_rosters_basketball_female_NW5284_shorts_reversible_moisture_management_short">
    <skipped/>
  </testcase> <!-- login -->
  <testcase name="select_gender_garment" time="0.000" classname="A4_Allure_Report_Demo.T61_rosters_basketball_female_NW5284_shorts_reversible_moisture_management_short">
    <skipped/>
  </testcase> <!-- select_gender_garment -->
</testsuite> <!-- A4_Allure_Report_Demo.T61_rosters_basketball_female_NW5284_shorts_reversible_moisture_management_short -->
