<?xml version="1.0" encoding="UTF-8"?>
<!-- Generated by org.testng.reporters.JUnitReportReporter -->
<testsuite skipped="0" hostname="DESKTOP-HR3H067" name="A4_Allure_Report_Demo.soccer_youth_NB3373" tests="7" failures="0" timestamp="25 Apr 2019 10:52:54 GMT" time="68.557" errors="0">
  <testcase name="select_gender_garment" time="1.109" classname="A4_Allure_Report_Demo.soccer_youth_NB3373"/>
  <testcase name="orderacknowledgement" time="1.485" classname="A4_Allure_Report_Demo.soccer_youth_NB3373"/>
  <testcase name="cart" time="4.180" classname="A4_Allure_Report_Demo.soccer_youth_NB3373"/>
  <testcase name="select_sport" time="7.883" classname="A4_Allure_Report_Demo.soccer_youth_NB3373"/>
  <testcase name="select_style_decoration" time="38.623" classname="A4_Allure_Report_Demo.soccer_youth_NB3373"/>
  <testcase name="select_quantity" time="12.749" classname="A4_Allure_Report_Demo.soccer_youth_NB3373"/>
  <testcase name="login" time="2.528" classname="A4_Allure_Report_Demo.soccer_youth_NB3373"/>
</testsuite> <!-- A4_Allure_Report_Demo.soccer_youth_NB3373 -->
