<?xml version="1.0" encoding="UTF-8"?>
<!-- Generated by org.testng.reporters.JUnitReportReporter -->
<testsuite skipped="0" hostname="DESKTOP-HR3H067" name="A4_Allure_Report_Demo.T59_baseball_youth_NB3165_shirts_youth" tests="5" failures="0" timestamp="30 Apr 2019 14:34:32 GMT" time="45.047" errors="0">
  <testcase name="select_gender_garment" time="1.236" classname="A4_Allure_Report_Demo.T59_baseball_youth_NB3165_shirts_youth"/>
  <testcase name="rosters" time="3.176" classname="A4_Allure_Report_Demo.T59_baseball_youth_NB3165_shirts_youth"/>
  <testcase name="select_sport" time="6.760" classname="A4_Allure_Report_Demo.T59_baseball_youth_NB3165_shirts_youth"/>
  <testcase name="login" time="2.477" classname="A4_Allure_Report_Demo.T59_baseball_youth_NB3165_shirts_youth"/>
  <testcase name="select_style_decoration" time="31.398" classname="A4_Allure_Report_Demo.T59_baseball_youth_NB3165_shirts_youth"/>
</testsuite> <!-- A4_Allure_Report_Demo.T59_baseball_youth_NB3165_shirts_youth -->
