<?xml version="1.0" encoding="UTF-8"?>
<!-- Generated by org.testng.reporters.JUnitReportReporter -->
<testsuite skipped="6" hostname="DESKTOP-HR3H067" name="A4_Allure_Report_Demo.T59_roster_baseball_youth_NB3165_shirts_youth" tests="6" failures="0" timestamp="02 Jul 2019 09:34:01 GMT" time="0.000" errors="0">
  <testcase name="select_sport" time="0.000" classname="A4_Allure_Report_Demo.T59_roster_baseball_youth_NB3165_shirts_youth">
    <skipped/>
  </testcase> <!-- select_sport -->
  <testcase name="cart" time="0.000" classname="A4_Allure_Report_Demo.T59_roster_baseball_youth_NB3165_shirts_youth">
    <skipped/>
  </testcase> <!-- cart -->
  <testcase name="select_gender_garment" time="0.000" classname="A4_Allure_Report_Demo.T59_roster_baseball_youth_NB3165_shirts_youth">
    <skipped/>
  </testcase> <!-- select_gender_garment -->
  <testcase name="select_style_decoration" time="0.000" classname="A4_Allure_Report_Demo.T59_roster_baseball_youth_NB3165_shirts_youth">
    <skipped/>
  </testcase> <!-- select_style_decoration -->
  <testcase name="login" time="0.000" classname="A4_Allure_Report_Demo.T59_roster_baseball_youth_NB3165_shirts_youth">
    <skipped/>
  </testcase> <!-- login -->
  <testcase name="rosters" time="0.000" classname="A4_Allure_Report_Demo.T59_roster_baseball_youth_NB3165_shirts_youth">
    <skipped/>
  </testcase> <!-- rosters -->
</testsuite> <!-- A4_Allure_Report_Demo.T59_roster_baseball_youth_NB3165_shirts_youth -->
