<?xml version="1.0" encoding="UTF-8"?>
<!-- Generated by org.testng.reporters.JUnitReportReporter -->
<testsuite skipped="0" hostname="DESKTOP-HR3H067" name="A4_Allure_Report_Demo.track_youth_NB4234" tests="7" failures="0" timestamp="25 Apr 2019 10:52:54 GMT" time="63.538" errors="0">
  <testcase name="cart" time="3.971" classname="A4_Allure_Report_Demo.track_youth_NB4234"/>
  <testcase name="orderacknowledgement" time="1.497" classname="A4_Allure_Report_Demo.track_youth_NB4234"/>
  <testcase name="select_gender_garment" time="1.138" classname="A4_Allure_Report_Demo.track_youth_NB4234"/>
  <testcase name="select_style_decoration" time="39.802" classname="A4_Allure_Report_Demo.track_youth_NB4234"/>
  <testcase name="select_sport" time="7.843" classname="A4_Allure_Report_Demo.track_youth_NB4234"/>
  <testcase name="select_quantity" time="6.737" classname="A4_Allure_Report_Demo.track_youth_NB4234"/>
  <testcase name="login" time="2.550" classname="A4_Allure_Report_Demo.track_youth_NB4234"/>
</testsuite> <!-- A4_Allure_Report_Demo.track_youth_NB4234 -->
