<?xml version="1.0" encoding="UTF-8"?>
<!-- Generated by org.testng.reporters.JUnitReportReporter -->
<testsuite skipped="0" hostname="DESKTOP-HR3H067" name="A4_Allure_Report_Demo.outerwear_female_NW4245" tests="7" failures="0" timestamp="25 Apr 2019 10:52:54 GMT" time="64.349" errors="0">
  <testcase name="select_gender_garment" time="1.025" classname="A4_Allure_Report_Demo.outerwear_female_NW4245"/>
  <testcase name="cart" time="4.434" classname="A4_Allure_Report_Demo.outerwear_female_NW4245"/>
  <testcase name="select_style_decoration" time="40.542" classname="A4_Allure_Report_Demo.outerwear_female_NW4245"/>
  <testcase name="orderacknowledgement" time="1.717" classname="A4_Allure_Report_Demo.outerwear_female_NW4245"/>
  <testcase name="login" time="2.522" classname="A4_Allure_Report_Demo.outerwear_female_NW4245"/>
  <testcase name="select_sport" time="7.847" classname="A4_Allure_Report_Demo.outerwear_female_NW4245"/>
  <testcase name="select_quantity" time="6.262" classname="A4_Allure_Report_Demo.outerwear_female_NW4245"/>
</testsuite> <!-- A4_Allure_Report_Demo.outerwear_female_NW4245 -->
