<?xml version="1.0" encoding="UTF-8"?>
<!-- Generated by org.testng.reporters.JUnitReportReporter -->
<testsuite skipped="0" hostname="DESKTOP-HR3H067" name="A4_DESIGN_LOCKER.mens_shorts_N5338" tests="4" failures="0" timestamp="19 Apr 2019 13:53:43 GMT" time="65.379" errors="0">
  <testcase name="profile" time="32.561" classname="A4_DESIGN_LOCKER.mens_shorts_N5338"/>
  <testcase name="order_acknowledgement" time="1.629" classname="A4_DESIGN_LOCKER.mens_shorts_N5338"/>
  <testcase name="login" time="0.439" classname="A4_DESIGN_LOCKER.mens_shorts_N5338"/>
  <testcase name="add_to_cart" time="30.750" classname="A4_DESIGN_LOCKER.mens_shorts_N5338"/>
</testsuite> <!-- A4_DESIGN_LOCKER.mens_shorts_N5338 -->
