<?xml version="1.0" encoding="UTF-8"?>
<!-- Generated by org.testng.reporters.JUnitReportReporter -->
<testsuite skipped="0" hostname="DESKTOP-HR3H067" name="A4_Allure_Report_Demo.baseball_male_N3133" tests="7" failures="0" timestamp="25 Apr 2019 12:40:53 GMT" time="47.351" errors="0">
  <testcase name="select_gender_garment" time="1.313" classname="A4_Allure_Report_Demo.baseball_male_N3133"/>
  <testcase name="cart" time="4.247" classname="A4_Allure_Report_Demo.baseball_male_N3133"/>
  <testcase name="select_sport" time="6.718" classname="A4_Allure_Report_Demo.baseball_male_N3133"/>
  <testcase name="select_style_decoration" time="25.581" classname="A4_Allure_Report_Demo.baseball_male_N3133"/>
  <testcase name="orderacknowledgement" time="1.218" classname="A4_Allure_Report_Demo.baseball_male_N3133"/>
  <testcase name="select_quantity" time="5.682" classname="A4_Allure_Report_Demo.baseball_male_N3133"/>
  <testcase name="login" time="2.592" classname="A4_Allure_Report_Demo.baseball_male_N3133"/>
</testsuite> <!-- A4_Allure_Report_Demo.baseball_male_N3133 -->
