<?xml version="1.0" encoding="UTF-8"?>
<!-- Generated by org.testng.reporters.JUnitReportReporter -->
<testsuite skipped="0" hostname="DESKTOP-HR3H067" name="A4_Allure_Report_Demo.T19_football_youth_NB4212_jerseys_fan_and_flag_jersey" tests="6" failures="0" timestamp="02 Jul 2019 12:56:31 GMT" time="437.943" errors="0">
  <testcase name="select_gender_garment" time="30.679" classname="A4_Allure_Report_Demo.T19_football_youth_NB4212_jerseys_fan_and_flag_jersey"/>
  <testcase name="select_sport" time="152.341" classname="A4_Allure_Report_Demo.T19_football_youth_NB4212_jerseys_fan_and_flag_jersey"/>
  <testcase name="select_style_decoration" time="119.398" classname="A4_Allure_Report_Demo.T19_football_youth_NB4212_jerseys_fan_and_flag_jersey"/>
  <testcase name="cart" time="64.633" classname="A4_Allure_Report_Demo.T19_football_youth_NB4212_jerseys_fan_and_flag_jersey"/>
  <testcase name="select_quantity" time="68.372" classname="A4_Allure_Report_Demo.T19_football_youth_NB4212_jerseys_fan_and_flag_jersey"/>
  <testcase name="login" time="2.520" classname="A4_Allure_Report_Demo.T19_football_youth_NB4212_jerseys_fan_and_flag_jersey"/>
</testsuite> <!-- A4_Allure_Report_Demo.T19_football_youth_NB4212_jerseys_fan_and_flag_jersey -->
