<?xml version="1.0" encoding="UTF-8"?>
<!-- Generated by org.testng.reporters.JUnitReportReporter -->
<testsuite skipped="0" hostname="DESKTOP-HR3H067" name="A4_Allure_Report_Demo.basketball_female_NW2360" tests="7" failures="0" timestamp="25 Apr 2019 13:11:18 GMT" time="44.198" errors="0">
  <testcase name="select_gender_garment" time="0.965" classname="A4_Allure_Report_Demo.basketball_female_NW2360"/>
  <testcase name="cart" time="3.938" classname="A4_Allure_Report_Demo.basketball_female_NW2360"/>
  <testcase name="select_sport" time="6.727" classname="A4_Allure_Report_Demo.basketball_female_NW2360"/>
  <testcase name="select_style_decoration" time="23.654" classname="A4_Allure_Report_Demo.basketball_female_NW2360"/>
  <testcase name="orderacknowledgement" time="1.268" classname="A4_Allure_Report_Demo.basketball_female_NW2360"/>
  <testcase name="select_quantity" time="4.975" classname="A4_Allure_Report_Demo.basketball_female_NW2360"/>
  <testcase name="login" time="2.671" classname="A4_Allure_Report_Demo.basketball_female_NW2360"/>
</testsuite> <!-- A4_Allure_Report_Demo.basketball_female_NW2360 -->
