<?xml version="1.0" encoding="UTF-8"?>
<!-- Generated by org.testng.reporters.JUnitReportReporter -->
<testsuite skipped="0" hostname="DESKTOP-HR3H067" name="A4_Allure_Report_Demo.baseball_female_NW3143" tests="7" failures="0" timestamp="26 Apr 2019 11:10:31 GMT" time="61.732" errors="0">
  <testcase name="select_quantity" time="10.323" classname="A4_Allure_Report_Demo.baseball_female_NW3143"/>
  <testcase name="select_sport" time="9.581" classname="A4_Allure_Report_Demo.baseball_female_NW3143"/>
  <testcase name="cart" time="4.047" classname="A4_Allure_Report_Demo.baseball_female_NW3143"/>
  <testcase name="login" time="2.578" classname="A4_Allure_Report_Demo.baseball_female_NW3143"/>
  <testcase name="orderacknowledgement" time="1.210" classname="A4_Allure_Report_Demo.baseball_female_NW3143"/>
  <testcase name="select_gender_garment" time="0.948" classname="A4_Allure_Report_Demo.baseball_female_NW3143"/>
  <testcase name="select_style_decoration" time="33.045" classname="A4_Allure_Report_Demo.baseball_female_NW3143"/>
</testsuite> <!-- A4_Allure_Report_Demo.baseball_female_NW3143 -->
