<?xml version="1.0" encoding="UTF-8"?>
<!-- Generated by org.testng.reporters.JUnitReportReporter -->
<testsuite skipped="0" hostname="DESKTOP-HR3H067" name="A4_Allure_Report_Demo.track_youth_NB3234" tests="7" failures="0" timestamp="26 Apr 2019 10:34:35 GMT" time="61.055" errors="0">
  <testcase name="select_style_decoration" time="29.946" classname="A4_Allure_Report_Demo.track_youth_NB3234"/>
  <testcase name="select_quantity" time="7.931" classname="A4_Allure_Report_Demo.track_youth_NB3234"/>
  <testcase name="orderacknowledgement" time="1.229" classname="A4_Allure_Report_Demo.track_youth_NB3234"/>
  <testcase name="login" time="2.578" classname="A4_Allure_Report_Demo.track_youth_NB3234"/>
  <testcase name="cart" time="3.998" classname="A4_Allure_Report_Demo.track_youth_NB3234"/>
  <testcase name="select_sport" time="14.022" classname="A4_Allure_Report_Demo.track_youth_NB3234"/>
  <testcase name="select_gender_garment" time="1.351" classname="A4_Allure_Report_Demo.track_youth_NB3234"/>
</testsuite> <!-- A4_Allure_Report_Demo.track_youth_NB3234 -->
