<?xml version="1.0" encoding="UTF-8"?>
<!-- Generated by org.testng.reporters.JUnitReportReporter -->
<testsuite skipped="6" hostname="DESKTOP-HR3H067" name="A4_Allure_Report_Demo.T37_track_female_NW5341_shorts_3_speed_short" tests="6" failures="0" timestamp="02 Jul 2019 09:34:02 GMT" time="0.000" errors="0">
  <testcase name="select_sport" time="0.000" classname="A4_Allure_Report_Demo.T37_track_female_NW5341_shorts_3_speed_short">
    <skipped/>
  </testcase> <!-- select_sport -->
  <testcase name="select_gender_garment" time="0.000" classname="A4_Allure_Report_Demo.T37_track_female_NW5341_shorts_3_speed_short">
    <skipped/>
  </testcase> <!-- select_gender_garment -->
  <testcase name="cart" time="0.000" classname="A4_Allure_Report_Demo.T37_track_female_NW5341_shorts_3_speed_short">
    <skipped/>
  </testcase> <!-- cart -->
  <testcase name="select_style_decoration" time="0.000" classname="A4_Allure_Report_Demo.T37_track_female_NW5341_shorts_3_speed_short">
    <skipped/>
  </testcase> <!-- select_style_decoration -->
  <testcase name="login" time="0.000" classname="A4_Allure_Report_Demo.T37_track_female_NW5341_shorts_3_speed_short">
    <skipped/>
  </testcase> <!-- login -->
  <testcase name="select_quantity" time="0.000" classname="A4_Allure_Report_Demo.T37_track_female_NW5341_shorts_3_speed_short">
    <skipped/>
  </testcase> <!-- select_quantity -->
</testsuite> <!-- A4_Allure_Report_Demo.T37_track_female_NW5341_shorts_3_speed_short -->
