<?xml version="1.0" encoding="UTF-8"?>
<!-- Generated by org.testng.reporters.JUnitReportReporter -->
<testsuite skipped="0" hostname="DESKTOP-HR3H067" name="A4_Allure_Report_Demo.T25_outerwear_male_N4237_pullovers_tech_fleece_hoodie" tests="6" failures="0" timestamp="03 Jul 2019 12:59:50 GMT" time="165.211" errors="0">
  <testcase name="select_gender_garment" time="12.470" classname="A4_Allure_Report_Demo.T25_outerwear_male_N4237_pullovers_tech_fleece_hoodie"/>
  <testcase name="select_style_decoration" time="29.220" classname="A4_Allure_Report_Demo.T25_outerwear_male_N4237_pullovers_tech_fleece_hoodie"/>
  <testcase name="select_sport" time="110.848" classname="A4_Allure_Report_Demo.T25_outerwear_male_N4237_pullovers_tech_fleece_hoodie"/>
  <testcase name="cart" time="4.421" classname="A4_Allure_Report_Demo.T25_outerwear_male_N4237_pullovers_tech_fleece_hoodie"/>
  <testcase name="login" time="2.473" classname="A4_Allure_Report_Demo.T25_outerwear_male_N4237_pullovers_tech_fleece_hoodie"/>
  <testcase name="select_quantity" time="5.779" classname="A4_Allure_Report_Demo.T25_outerwear_male_N4237_pullovers_tech_fleece_hoodie"/>
</testsuite> <!-- A4_Allure_Report_Demo.T25_outerwear_male_N4237_pullovers_tech_fleece_hoodie -->
