<?xml version="1.0" encoding="UTF-8"?>
<!-- Generated by org.testng.reporters.JUnitReportReporter -->
<testsuite skipped="0" hostname="DESKTOP-HR3H067" name="A4_Allure_Report_Demo.soccer_male_N3016" tests="7" failures="0" timestamp="26 Apr 2019 10:04:20 GMT" time="65.427" errors="0">
  <testcase name="select_style_decoration" time="33.660" classname="A4_Allure_Report_Demo.soccer_male_N3016"/>
  <testcase name="select_quantity" time="10.608" classname="A4_Allure_Report_Demo.soccer_male_N3016"/>
  <testcase name="orderacknowledgement" time="3.443" classname="A4_Allure_Report_Demo.soccer_male_N3016"/>
  <testcase name="login" time="2.574" classname="A4_Allure_Report_Demo.soccer_male_N3016"/>
  <testcase name="cart" time="4.643" classname="A4_Allure_Report_Demo.soccer_male_N3016"/>
  <testcase name="select_sport" time="9.258" classname="A4_Allure_Report_Demo.soccer_male_N3016"/>
  <testcase name="select_gender_garment" time="1.241" classname="A4_Allure_Report_Demo.soccer_male_N3016"/>
</testsuite> <!-- A4_Allure_Report_Demo.soccer_male_N3016 -->
