<?xml version="1.0" encoding="UTF-8"?>
<!-- Generated by org.testng.reporters.JUnitReportReporter -->
<testsuite skipped="0" hostname="DESKTOP-HR3H067" name="A4_Allure_Report_Demo.soccer_female_NW3223" tests="7" failures="0" timestamp="25 Apr 2019 10:52:54 GMT" time="67.283" errors="0">
  <testcase name="select_sport" time="7.813" classname="A4_Allure_Report_Demo.soccer_female_NW3223"/>
  <testcase name="select_gender_garment" time="1.233" classname="A4_Allure_Report_Demo.soccer_female_NW3223"/>
  <testcase name="cart" time="4.964" classname="A4_Allure_Report_Demo.soccer_female_NW3223"/>
  <testcase name="login" time="2.436" classname="A4_Allure_Report_Demo.soccer_female_NW3223"/>
  <testcase name="select_quantity" time="6.339" classname="A4_Allure_Report_Demo.soccer_female_NW3223"/>
  <testcase name="select_style_decoration" time="40.920" classname="A4_Allure_Report_Demo.soccer_female_NW3223"/>
  <testcase name="orderacknowledgement" time="3.578" classname="A4_Allure_Report_Demo.soccer_female_NW3223"/>
</testsuite> <!-- A4_Allure_Report_Demo.soccer_female_NW3223 -->
