<?xml version="1.0" encoding="UTF-8"?>
<!-- Generated by org.testng.reporters.JUnitReportReporter -->
<testsuite skipped="0" hostname="DESKTOP-HR3H067" name="A4_DESIGN_LOCKER.baseball_male_N4241" tests="1" failures="0" timestamp="22 Apr 2019 05:51:25 GMT" time="0.667" errors="0">
  <testcase name="login" time="0.667" classname="A4_DESIGN_LOCKER.baseball_male_N4241"/>
</testsuite> <!-- A4_DESIGN_LOCKER.baseball_male_N4241 -->
