<?xml version="1.0" encoding="UTF-8"?>
<!-- Generated by org.testng.reporters.JUnitReportReporter -->
<testsuite skipped="0" hostname="DESKTOP-HR3H067" name="A4_Allure_Report_Demo.outerwear_youth_NB4234" tests="7" failures="0" timestamp="26 Apr 2019 07:01:18 GMT" time="59.046" errors="0">
  <testcase name="select_style_decoration" time="31.464" classname="A4_Allure_Report_Demo.outerwear_youth_NB4234"/>
  <testcase name="select_quantity" time="7.455" classname="A4_Allure_Report_Demo.outerwear_youth_NB4234"/>
  <testcase name="orderacknowledgement" time="1.368" classname="A4_Allure_Report_Demo.outerwear_youth_NB4234"/>
  <testcase name="login" time="2.454" classname="A4_Allure_Report_Demo.outerwear_youth_NB4234"/>
  <testcase name="cart" time="4.097" classname="A4_Allure_Report_Demo.outerwear_youth_NB4234"/>
  <testcase name="select_sport" time="10.654" classname="A4_Allure_Report_Demo.outerwear_youth_NB4234"/>
  <testcase name="select_gender_garment" time="1.554" classname="A4_Allure_Report_Demo.outerwear_youth_NB4234"/>
</testsuite> <!-- A4_Allure_Report_Demo.outerwear_youth_NB4234 -->
