<?xml version="1.0" encoding="UTF-8"?>
<!-- Generated by org.testng.reporters.JUnitReportReporter -->
<testsuite skipped="0" hostname="DESKTOP-HR3H067" name="A4_Allure_Report_Demo.football_youth_NB4212" tests="7" failures="0" timestamp="26 Apr 2019 05:38:54 GMT" time="71.637" errors="0">
  <testcase name="select_gender_garment" time="1.467" classname="A4_Allure_Report_Demo.football_youth_NB4212"/>
  <testcase name="select_sport" time="7.544" classname="A4_Allure_Report_Demo.football_youth_NB4212"/>
  <testcase name="select_style_decoration" time="44.644" classname="A4_Allure_Report_Demo.football_youth_NB4212"/>
  <testcase name="cart" time="5.772" classname="A4_Allure_Report_Demo.football_youth_NB4212"/>
  <testcase name="select_quantity" time="8.468" classname="A4_Allure_Report_Demo.football_youth_NB4212"/>
  <testcase name="orderacknowledgement" time="1.170" classname="A4_Allure_Report_Demo.football_youth_NB4212"/>
  <testcase name="login" time="2.572" classname="A4_Allure_Report_Demo.football_youth_NB4212"/>
</testsuite> <!-- A4_Allure_Report_Demo.football_youth_NB4212 -->
