<?xml version="1.0" encoding="UTF-8"?>
<!-- Generated by org.testng.reporters.JUnitReportReporter -->
<testsuite skipped="15" hostname="DESKTOP-HR3H067" name="A4_Allure_Report_Demo.T72_Different_Locker_Designs" tests="15" failures="0" timestamp="02 Jul 2019 09:34:01 GMT" time="0.000" errors="0">
  <testcase name="Select_Quantity2" time="0.000" classname="A4_Allure_Report_Demo.T72_Different_Locker_Designs">
    <skipped/>
  </testcase> <!-- Select_Quantity2 -->
  <testcase name="AddToCart2" time="0.000" classname="A4_Allure_Report_Demo.T72_Different_Locker_Designs">
    <skipped/>
  </testcase> <!-- AddToCart2 -->
  <testcase name="Select_Quantity" time="0.000" classname="A4_Allure_Report_Demo.T72_Different_Locker_Designs">
    <skipped/>
  </testcase> <!-- Select_Quantity -->
  <testcase name="Select_More_designs" time="0.000" classname="A4_Allure_Report_Demo.T72_Different_Locker_Designs">
    <skipped/>
  </testcase> <!-- Select_More_designs -->
  <testcase name="AddToCart3" time="0.000" classname="A4_Allure_Report_Demo.T72_Different_Locker_Designs">
    <skipped/>
  </testcase> <!-- AddToCart3 -->
  <testcase name="AddToCart4" time="0.000" classname="A4_Allure_Report_Demo.T72_Different_Locker_Designs">
    <skipped/>
  </testcase> <!-- AddToCart4 -->
  <testcase name="Select_Quantity4" time="0.000" classname="A4_Allure_Report_Demo.T72_Different_Locker_Designs">
    <skipped/>
  </testcase> <!-- Select_Quantity4 -->
  <testcase name="CheckOut" time="0.000" classname="A4_Allure_Report_Demo.T72_Different_Locker_Designs">
    <skipped/>
  </testcase> <!-- CheckOut -->
  <testcase name="Design" time="0.000" classname="A4_Allure_Report_Demo.T72_Different_Locker_Designs">
    <skipped/>
  </testcase> <!-- Design -->
  <testcase name="Select_More_designs3" time="0.000" classname="A4_Allure_Report_Demo.T72_Different_Locker_Designs">
    <skipped/>
  </testcase> <!-- Select_More_designs3 -->
  <testcase name="Select_More_designs2" time="0.000" classname="A4_Allure_Report_Demo.T72_Different_Locker_Designs">
    <skipped/>
  </testcase> <!-- Select_More_designs2 -->
  <testcase name="PlaceOrder" time="0.000" classname="A4_Allure_Report_Demo.T72_Different_Locker_Designs">
    <skipped/>
  </testcase> <!-- PlaceOrder -->
  <testcase name="Select_Quantity3" time="0.000" classname="A4_Allure_Report_Demo.T72_Different_Locker_Designs">
    <skipped/>
  </testcase> <!-- Select_Quantity3 -->
  <testcase name="AddToCart" time="0.000" classname="A4_Allure_Report_Demo.T72_Different_Locker_Designs">
    <skipped/>
  </testcase> <!-- AddToCart -->
  <testcase name="Login" time="0.000" classname="A4_Allure_Report_Demo.T72_Different_Locker_Designs">
    <skipped/>
  </testcase> <!-- Login -->
</testsuite> <!-- A4_Allure_Report_Demo.T72_Different_Locker_Designs -->
