<?xml version="1.0" encoding="UTF-8"?>
<!-- Generated by org.testng.reporters.JUnitReportReporter -->
<testsuite skipped="0" hostname="DESKTOP-HR3H067" name="A4_DESIGN_LOCKER.demo" tests="1" failures="0" timestamp="22 Apr 2019 05:49:37 GMT" time="0.074" errors="0">
  <testcase name="test" time="0.074" classname="A4_DESIGN_LOCKER.demo"/>
</testsuite> <!-- A4_DESIGN_LOCKER.demo -->
