<?xml version="1.0" encoding="UTF-8"?>
<!-- Generated by org.testng.reporters.JUnitReportReporter -->
<testsuite skipped="0" hostname="DESKTOP-HR3H067" name="A4_Allure_Report_Demo.T10_basketball_female_NW2360_shirts_womens_athletic_tank" tests="6" failures="0" timestamp="02 Jul 2019 10:33:29 GMT" time="196.946" errors="0">
  <testcase name="select_gender_garment" time="2.917" classname="A4_Allure_Report_Demo.T10_basketball_female_NW2360_shirts_womens_athletic_tank"/>
  <testcase name="cart" time="3.900" classname="A4_Allure_Report_Demo.T10_basketball_female_NW2360_shirts_womens_athletic_tank"/>
  <testcase name="select_sport" time="10.051" classname="A4_Allure_Report_Demo.T10_basketball_female_NW2360_shirts_womens_athletic_tank"/>
  <testcase name="select_style_decoration" time="169.326" classname="A4_Allure_Report_Demo.T10_basketball_female_NW2360_shirts_womens_athletic_tank"/>
  <testcase name="select_quantity" time="8.171" classname="A4_Allure_Report_Demo.T10_basketball_female_NW2360_shirts_womens_athletic_tank"/>
  <testcase name="login" time="2.581" classname="A4_Allure_Report_Demo.T10_basketball_female_NW2360_shirts_womens_athletic_tank"/>
</testsuite> <!-- A4_Allure_Report_Demo.T10_basketball_female_NW2360_shirts_womens_athletic_tank -->
